2018-01-24 15:58:18,459 [Worker-4] INFO  c.g.t.t.d.PublishedGradleVersions - Gradle version information cache is up-to-date. Trying to read.
2018-01-24 16:02:39,777 [Worker-1] INFO  c.g.t.t.d.PublishedGradleVersions - Gradle version information cache is up-to-date. Trying to read.
2018-01-24 16:05:41,039 [Worker-3] INFO  c.g.t.t.d.PublishedGradleVersions - Gradle version information cache is up-to-date. Trying to read.
2018-01-24 16:12:42,134 [Worker-12] INFO  o.e.m.c.i.l.LifecycleMappingFactory - Using org.eclipse.m2e.jdt.JarLifecycleMapping lifecycle mapping for MavenProject: com.niu.spring:exercise1:0.0.1-SNAPSHOT @ A:\SpringExercises\exercise1\pom.xml.
2018-01-24 16:12:45,844 [Worker-12] INFO  o.e.m.j.i.AbstractJavaProjectConfigurator - Adding source folder /exercise1/src/main/java
2018-01-24 16:12:45,851 [Worker-12] INFO  o.e.m.j.i.AbstractJavaProjectConfigurator - Adding resource folder /exercise1/src/main/resources
2018-01-24 16:12:46,048 [Worker-12] INFO  o.e.m.j.i.AbstractJavaProjectConfigurator - Adding source folder /exercise1/src/test/java
2018-01-24 16:12:46,049 [Worker-12] INFO  o.e.m.j.i.AbstractJavaProjectConfigurator - Adding resource folder /exercise1/src/test/resources
2018-01-24 16:12:49,043 [Worker-23] WARN  o.e.m.c.i.embedder.EclipseLogger - Using platform encoding (Cp1252 actually) to copy filtered resources, i.e. build is platform dependent!
2018-01-24 16:12:49,081 [Worker-23] INFO  o.e.m.c.i.embedder.EclipseLogger - Copying 0 resource
2018-01-24 16:12:49,087 [Worker-23] WARN  o.e.m.c.i.embedder.EclipseLogger - Using platform encoding (Cp1252 actually) to copy filtered resources, i.e. build is platform dependent!
2018-01-24 16:12:49,107 [Worker-23] INFO  o.e.m.c.i.embedder.EclipseLogger - Copying 0 resource
2018-01-24 16:20:30,980 [Worker-26] WARN  o.e.m.c.i.embedder.EclipseLogger - Using platform encoding (Cp1252 actually) to copy filtered resources, i.e. build is platform dependent!
2018-01-24 16:20:31,031 [Worker-26] INFO  o.e.m.c.i.embedder.EclipseLogger - Copying 0 resource
2018-01-24 16:20:31,035 [Worker-26] WARN  o.e.m.c.i.embedder.EclipseLogger - Using platform encoding (Cp1252 actually) to copy filtered resources, i.e. build is platform dependent!
2018-01-24 16:20:31,059 [Worker-26] INFO  o.e.m.c.i.embedder.EclipseLogger - Copying 0 resource
2018-01-24 16:20:34,439 [Worker-29] WARN  o.e.m.c.i.embedder.EclipseLogger - Using platform encoding (Cp1252 actually) to copy filtered resources, i.e. build is platform dependent!
2018-01-24 16:20:34,471 [Worker-29] INFO  o.e.m.c.i.embedder.EclipseLogger - Copying 0 resource
2018-01-24 16:20:34,475 [Worker-29] WARN  o.e.m.c.i.embedder.EclipseLogger - Using platform encoding (Cp1252 actually) to copy filtered resources, i.e. build is platform dependent!
2018-01-24 16:20:34,522 [Worker-29] INFO  o.e.m.c.i.embedder.EclipseLogger - Copying 0 resource
2018-01-24 16:21:49,450 [Worker-26] WARN  o.e.m.c.i.embedder.EclipseLogger - Using platform encoding (Cp1252 actually) to copy filtered resources, i.e. build is platform dependent!
2018-01-24 16:21:49,493 [Worker-26] INFO  o.e.m.c.i.embedder.EclipseLogger - Copying 0 resource
2018-01-24 16:21:49,497 [Worker-26] WARN  o.e.m.c.i.embedder.EclipseLogger - Using platform encoding (Cp1252 actually) to copy filtered resources, i.e. build is platform dependent!
2018-01-24 16:21:49,630 [Worker-26] INFO  o.e.m.c.i.embedder.EclipseLogger - Copying 0 resource
2018-01-24 16:22:48,782 [Worker-23] WARN  o.e.m.c.i.embedder.EclipseLogger - Using platform encoding (Cp1252 actually) to copy filtered resources, i.e. build is platform dependent!
2018-01-24 16:22:48,818 [Worker-23] INFO  o.e.m.c.i.embedder.EclipseLogger - Copying 0 resource
2018-01-24 16:22:48,822 [Worker-23] WARN  o.e.m.c.i.embedder.EclipseLogger - Using platform encoding (Cp1252 actually) to copy filtered resources, i.e. build is platform dependent!
2018-01-24 16:22:48,849 [Worker-23] INFO  o.e.m.c.i.embedder.EclipseLogger - Copying 0 resource
2018-01-24 16:23:20,969 [Worker-29] WARN  o.e.m.c.i.embedder.EclipseLogger - Using platform encoding (Cp1252 actually) to copy filtered resources, i.e. build is platform dependent!
2018-01-24 16:23:21,039 [Worker-29] INFO  o.e.m.c.i.embedder.EclipseLogger - Copying 0 resource
2018-01-24 16:23:21,047 [Worker-29] WARN  o.e.m.c.i.embedder.EclipseLogger - Using platform encoding (Cp1252 actually) to copy filtered resources, i.e. build is platform dependent!
2018-01-24 16:23:21,073 [Worker-29] INFO  o.e.m.c.i.embedder.EclipseLogger - Copying 0 resource
2018-01-24 17:05:31,712 [Worker-37] WARN  o.e.m.c.i.embedder.EclipseLogger - Using platform encoding (Cp1252 actually) to copy filtered resources, i.e. build is platform dependent!
2018-01-24 17:05:31,753 [Worker-37] INFO  o.e.m.c.i.embedder.EclipseLogger - Copying 0 resource
2018-01-24 17:05:31,757 [Worker-37] WARN  o.e.m.c.i.embedder.EclipseLogger - Using platform encoding (Cp1252 actually) to copy filtered resources, i.e. build is platform dependent!
2018-01-24 17:05:31,795 [Worker-37] INFO  o.e.m.c.i.embedder.EclipseLogger - Copying 0 resource
2018-01-24 17:11:25,623 [Worker-45] WARN  o.e.m.c.i.embedder.EclipseLogger - Using platform encoding (Cp1252 actually) to copy filtered resources, i.e. build is platform dependent!
2018-01-24 17:11:25,762 [Worker-45] INFO  o.e.m.c.i.embedder.EclipseLogger - Copying 0 resource
2018-01-24 17:11:25,772 [Worker-45] WARN  o.e.m.c.i.embedder.EclipseLogger - Using platform encoding (Cp1252 actually) to copy filtered resources, i.e. build is platform dependent!
2018-01-24 17:11:25,832 [Worker-45] INFO  o.e.m.c.i.embedder.EclipseLogger - Copying 0 resource
2018-01-24 17:20:16,463 [Worker-37] WARN  o.e.m.c.i.embedder.EclipseLogger - Using platform encoding (Cp1252 actually) to copy filtered resources, i.e. build is platform dependent!
2018-01-24 17:20:16,521 [Worker-37] INFO  o.e.m.c.i.embedder.EclipseLogger - skip non existing resourceDirectory A:\SpringExercises\exercise1\src\main\resources
2018-01-24 17:20:16,532 [Worker-37] WARN  o.e.m.c.i.embedder.EclipseLogger - Using platform encoding (Cp1252 actually) to copy filtered resources, i.e. build is platform dependent!
2018-01-24 17:20:16,601 [Worker-37] INFO  o.e.m.c.i.embedder.EclipseLogger - Copying 0 resource
2018-01-24 17:20:25,993 [Worker-48] WARN  o.e.m.c.i.embedder.EclipseLogger - Using platform encoding (Cp1252 actually) to copy filtered resources, i.e. build is platform dependent!
2018-01-24 17:20:26,020 [Worker-48] INFO  o.e.m.c.i.embedder.EclipseLogger - skip non existing resourceDirectory A:\SpringExercises\exercise1\src\main\resources
2018-01-24 17:20:26,024 [Worker-48] WARN  o.e.m.c.i.embedder.EclipseLogger - Using platform encoding (Cp1252 actually) to copy filtered resources, i.e. build is platform dependent!
2018-01-24 17:20:26,048 [Worker-48] INFO  o.e.m.c.i.embedder.EclipseLogger - skip non existing resourceDirectory A:\SpringExercises\exercise1\src\test\resources
2018-01-24 18:19:55,731 [Worker-52] WARN  o.e.m.c.i.embedder.EclipseLogger - Using platform encoding (Cp1252 actually) to copy filtered resources, i.e. build is platform dependent!
2018-01-24 18:19:55,743 [Worker-52] INFO  o.e.m.c.i.embedder.EclipseLogger - skip non existing resourceDirectory A:\SpringExercises\exercise1\src\main\resources
2018-01-24 18:19:55,744 [Worker-52] WARN  o.e.m.c.i.embedder.EclipseLogger - Using platform encoding (Cp1252 actually) to copy filtered resources, i.e. build is platform dependent!
2018-01-24 18:19:55,749 [Worker-52] INFO  o.e.m.c.i.embedder.EclipseLogger - skip non existing resourceDirectory A:\SpringExercises\exercise1\src\test\resources
2018-01-24 18:21:48,155 [Worker-37] WARN  o.e.m.c.i.embedder.EclipseLogger - Using platform encoding (Cp1252 actually) to copy filtered resources, i.e. build is platform dependent!
2018-01-24 18:21:48,167 [Worker-37] INFO  o.e.m.c.i.embedder.EclipseLogger - skip non existing resourceDirectory A:\SpringExercises\exercise1\src\main\resources
2018-01-24 18:21:48,167 [Worker-37] WARN  o.e.m.c.i.embedder.EclipseLogger - Using platform encoding (Cp1252 actually) to copy filtered resources, i.e. build is platform dependent!
2018-01-24 18:21:48,180 [Worker-37] INFO  o.e.m.c.i.embedder.EclipseLogger - skip non existing resourceDirectory A:\SpringExercises\exercise1\src\test\resources
2018-01-24 18:22:10,433 [Worker-56] WARN  o.e.m.c.i.embedder.EclipseLogger - Using platform encoding (Cp1252 actually) to copy filtered resources, i.e. build is platform dependent!
2018-01-24 18:22:10,443 [Worker-56] INFO  o.e.m.c.i.embedder.EclipseLogger - skip non existing resourceDirectory A:\SpringExercises\exercise1\src\main\resources
2018-01-24 18:22:10,443 [Worker-56] WARN  o.e.m.c.i.embedder.EclipseLogger - Using platform encoding (Cp1252 actually) to copy filtered resources, i.e. build is platform dependent!
2018-01-24 18:22:10,453 [Worker-56] INFO  o.e.m.c.i.embedder.EclipseLogger - skip non existing resourceDirectory A:\SpringExercises\exercise1\src\test\resources
2018-01-24 18:22:40,266 [Worker-57] WARN  o.e.m.c.i.embedder.EclipseLogger - Using platform encoding (Cp1252 actually) to copy filtered resources, i.e. build is platform dependent!
2018-01-24 18:22:40,272 [Worker-57] INFO  o.e.m.c.i.embedder.EclipseLogger - skip non existing resourceDirectory A:\SpringExercises\exercise1\src\main\resources
2018-01-24 18:22:40,274 [Worker-57] WARN  o.e.m.c.i.embedder.EclipseLogger - Using platform encoding (Cp1252 actually) to copy filtered resources, i.e. build is platform dependent!
2018-01-24 18:22:40,279 [Worker-57] INFO  o.e.m.c.i.embedder.EclipseLogger - skip non existing resourceDirectory A:\SpringExercises\exercise1\src\test\resources
2018-01-24 18:23:04,498 [Worker-56] WARN  o.e.m.c.i.embedder.EclipseLogger - Using platform encoding (Cp1252 actually) to copy filtered resources, i.e. build is platform dependent!
2018-01-24 18:23:04,507 [Worker-56] INFO  o.e.m.c.i.embedder.EclipseLogger - skip non existing resourceDirectory A:\SpringExercises\exercise1\src\main\resources
2018-01-24 18:23:04,507 [Worker-56] WARN  o.e.m.c.i.embedder.EclipseLogger - Using platform encoding (Cp1252 actually) to copy filtered resources, i.e. build is platform dependent!
2018-01-24 18:23:04,538 [Worker-56] INFO  o.e.m.c.i.embedder.EclipseLogger - skip non existing resourceDirectory A:\SpringExercises\exercise1\src\test\resources
2018-01-24 18:23:22,427 [Worker-48] WARN  o.e.m.c.i.embedder.EclipseLogger - Using platform encoding (Cp1252 actually) to copy filtered resources, i.e. build is platform dependent!
2018-01-24 18:23:22,445 [Worker-48] INFO  o.e.m.c.i.embedder.EclipseLogger - skip non existing resourceDirectory A:\SpringExercises\exercise1\src\main\resources
2018-01-24 18:23:22,447 [Worker-48] WARN  o.e.m.c.i.embedder.EclipseLogger - Using platform encoding (Cp1252 actually) to copy filtered resources, i.e. build is platform dependent!
2018-01-24 18:23:22,478 [Worker-48] INFO  o.e.m.c.i.embedder.EclipseLogger - skip non existing resourceDirectory A:\SpringExercises\exercise1\src\test\resources
2018-01-24 18:24:07,517 [Worker-58] WARN  o.e.m.c.i.embedder.EclipseLogger - Using platform encoding (Cp1252 actually) to copy filtered resources, i.e. build is platform dependent!
2018-01-24 18:24:07,528 [Worker-58] INFO  o.e.m.c.i.embedder.EclipseLogger - skip non existing resourceDirectory A:\SpringExercises\exercise1\src\main\resources
2018-01-24 18:24:07,529 [Worker-58] WARN  o.e.m.c.i.embedder.EclipseLogger - Using platform encoding (Cp1252 actually) to copy filtered resources, i.e. build is platform dependent!
2018-01-24 18:24:07,538 [Worker-58] INFO  o.e.m.c.i.embedder.EclipseLogger - skip non existing resourceDirectory A:\SpringExercises\exercise1\src\test\resources
2018-01-24 18:30:37,571 [Worker-48] WARN  o.e.m.c.i.embedder.EclipseLogger - Using platform encoding (Cp1252 actually) to copy filtered resources, i.e. build is platform dependent!
2018-01-24 18:30:37,576 [Worker-48] INFO  o.e.m.c.i.embedder.EclipseLogger - skip non existing resourceDirectory A:\SpringExercises\exercise1\src\main\resources
2018-01-24 18:30:37,578 [Worker-48] WARN  o.e.m.c.i.embedder.EclipseLogger - Using platform encoding (Cp1252 actually) to copy filtered resources, i.e. build is platform dependent!
2018-01-24 18:30:37,584 [Worker-48] INFO  o.e.m.c.i.embedder.EclipseLogger - skip non existing resourceDirectory A:\SpringExercises\exercise1\src\test\resources
2018-01-24 18:30:49,073 [Worker-56] WARN  o.e.m.c.i.embedder.EclipseLogger - Using platform encoding (Cp1252 actually) to copy filtered resources, i.e. build is platform dependent!
2018-01-24 18:30:49,092 [Worker-56] INFO  o.e.m.c.i.embedder.EclipseLogger - skip non existing resourceDirectory A:\SpringExercises\exercise1\src\main\resources
2018-01-24 18:30:49,094 [Worker-56] WARN  o.e.m.c.i.embedder.EclipseLogger - Using platform encoding (Cp1252 actually) to copy filtered resources, i.e. build is platform dependent!
2018-01-24 18:30:49,107 [Worker-56] INFO  o.e.m.c.i.embedder.EclipseLogger - skip non existing resourceDirectory A:\SpringExercises\exercise1\src\test\resources
2018-01-24 18:30:55,825 [Worker-57] WARN  o.e.m.c.i.embedder.EclipseLogger - Using platform encoding (Cp1252 actually) to copy filtered resources, i.e. build is platform dependent!
2018-01-24 18:30:55,830 [Worker-57] INFO  o.e.m.c.i.embedder.EclipseLogger - skip non existing resourceDirectory A:\SpringExercises\exercise1\src\main\resources
2018-01-24 18:30:55,833 [Worker-57] WARN  o.e.m.c.i.embedder.EclipseLogger - Using platform encoding (Cp1252 actually) to copy filtered resources, i.e. build is platform dependent!
2018-01-24 18:30:55,840 [Worker-57] INFO  o.e.m.c.i.embedder.EclipseLogger - skip non existing resourceDirectory A:\SpringExercises\exercise1\src\test\resources
2018-01-24 18:31:07,414 [Worker-48] WARN  o.e.m.c.i.embedder.EclipseLogger - Using platform encoding (Cp1252 actually) to copy filtered resources, i.e. build is platform dependent!
2018-01-24 18:31:07,417 [Worker-48] INFO  o.e.m.c.i.embedder.EclipseLogger - skip non existing resourceDirectory A:\SpringExercises\exercise1\src\main\resources
2018-01-24 18:31:07,425 [Worker-48] WARN  o.e.m.c.i.embedder.EclipseLogger - Using platform encoding (Cp1252 actually) to copy filtered resources, i.e. build is platform dependent!
2018-01-24 18:31:07,432 [Worker-48] INFO  o.e.m.c.i.embedder.EclipseLogger - skip non existing resourceDirectory A:\SpringExercises\exercise1\src\test\resources
2018-01-24 18:32:38,683 [Worker-56] WARN  o.e.m.c.i.embedder.EclipseLogger - Using platform encoding (Cp1252 actually) to copy filtered resources, i.e. build is platform dependent!
2018-01-24 18:32:38,698 [Worker-56] INFO  o.e.m.c.i.embedder.EclipseLogger - skip non existing resourceDirectory A:\SpringExercises\exercise1\src\main\resources
2018-01-24 18:32:38,707 [Worker-56] WARN  o.e.m.c.i.embedder.EclipseLogger - Using platform encoding (Cp1252 actually) to copy filtered resources, i.e. build is platform dependent!
2018-01-24 18:32:38,712 [Worker-56] INFO  o.e.m.c.i.embedder.EclipseLogger - skip non existing resourceDirectory A:\SpringExercises\exercise1\src\test\resources
2018-01-24 18:42:04,259 [Worker-56] INFO  o.e.m.c.i.e.AbstractTransferListenerAdapter - Downloading https://repo.maven.apache.org/maven2/org/apache/maven/plugins/maven-compiler-plugin/2.3.2/maven-compiler-plugin-2.3.2.jar
2018-01-24 18:42:04,433 [Worker-56] INFO  o.e.m.c.i.e.AbstractTransferListenerAdapter - Downloaded https://repo.maven.apache.org/maven2/org/apache/maven/plugins/maven-compiler-plugin/2.3.2/maven-compiler-plugin-2.3.2.jar
2018-01-24 18:42:04,643 [Worker-56] INFO  o.e.m.c.i.e.AbstractTransferListenerAdapter - Downloading https://repo.maven.apache.org/maven2/org/apache/maven/plugins/maven-compiler-plugin/2.3.2/maven-compiler-plugin-2.3.2.pom
2018-01-24 18:42:04,684 [Worker-56] INFO  o.e.m.c.i.e.AbstractTransferListenerAdapter - Downloaded https://repo.maven.apache.org/maven2/org/apache/maven/plugins/maven-compiler-plugin/2.3.2/maven-compiler-plugin-2.3.2.pom
2018-01-24 18:42:04,724 [Worker-56] INFO  o.e.m.c.i.e.AbstractTransferListenerAdapter - Downloading https://repo.maven.apache.org/maven2/org/apache/maven/plugins/maven-plugins/18/maven-plugins-18.pom
2018-01-24 18:42:04,839 [Worker-56] INFO  o.e.m.c.i.e.AbstractTransferListenerAdapter - Downloaded https://repo.maven.apache.org/maven2/org/apache/maven/plugins/maven-plugins/18/maven-plugins-18.pom
2018-01-24 18:42:04,865 [Worker-56] INFO  o.e.m.c.i.e.AbstractTransferListenerAdapter - Downloading https://repo.maven.apache.org/maven2/org/apache/maven/maven-parent/16/maven-parent-16.pom
2018-01-24 18:42:04,891 [Worker-56] INFO  o.e.m.c.i.e.AbstractTransferListenerAdapter - Downloaded https://repo.maven.apache.org/maven2/org/apache/maven/maven-parent/16/maven-parent-16.pom
2018-01-24 18:42:04,908 [Worker-56] INFO  o.e.m.c.i.e.AbstractTransferListenerAdapter - Downloading https://repo.maven.apache.org/maven2/org/apache/apache/7/apache-7.pom
2018-01-24 18:42:04,933 [Worker-56] INFO  o.e.m.c.i.e.AbstractTransferListenerAdapter - Downloaded https://repo.maven.apache.org/maven2/org/apache/apache/7/apache-7.pom
2018-01-24 18:42:05,055 [Worker-56] INFO  o.e.m.c.i.e.AbstractTransferListenerAdapter - Downloading https://repo.maven.apache.org/maven2/org/codehaus/plexus/plexus-compiler-api/1.8.1/plexus-compiler-api-1.8.1.pom
2018-01-24 18:42:05,076 [Worker-56] INFO  o.e.m.c.i.e.AbstractTransferListenerAdapter - Downloaded https://repo.maven.apache.org/maven2/org/codehaus/plexus/plexus-compiler-api/1.8.1/plexus-compiler-api-1.8.1.pom
2018-01-24 18:42:05,102 [Worker-56] INFO  o.e.m.c.i.e.AbstractTransferListenerAdapter - Downloading https://repo.maven.apache.org/maven2/org/codehaus/plexus/plexus-compiler/1.8.1/plexus-compiler-1.8.1.pom
2018-01-24 18:42:05,126 [Worker-56] INFO  o.e.m.c.i.e.AbstractTransferListenerAdapter - Downloaded https://repo.maven.apache.org/maven2/org/codehaus/plexus/plexus-compiler/1.8.1/plexus-compiler-1.8.1.pom
2018-01-24 18:42:05,160 [Worker-56] INFO  o.e.m.c.i.e.AbstractTransferListenerAdapter - Downloading https://repo.maven.apache.org/maven2/org/codehaus/plexus/plexus-compiler-manager/1.8.1/plexus-compiler-manager-1.8.1.pom
2018-01-24 18:42:05,184 [Worker-56] INFO  o.e.m.c.i.e.AbstractTransferListenerAdapter - Downloaded https://repo.maven.apache.org/maven2/org/codehaus/plexus/plexus-compiler-manager/1.8.1/plexus-compiler-manager-1.8.1.pom
2018-01-24 18:42:05,205 [Worker-56] INFO  o.e.m.c.i.e.AbstractTransferListenerAdapter - Downloading https://repo.maven.apache.org/maven2/org/codehaus/plexus/plexus-compiler-javac/1.8.1/plexus-compiler-javac-1.8.1.pom
2018-01-24 18:42:05,228 [Worker-56] INFO  o.e.m.c.i.e.AbstractTransferListenerAdapter - Downloaded https://repo.maven.apache.org/maven2/org/codehaus/plexus/plexus-compiler-javac/1.8.1/plexus-compiler-javac-1.8.1.pom
2018-01-24 18:42:05,247 [Worker-56] INFO  o.e.m.c.i.e.AbstractTransferListenerAdapter - Downloading https://repo.maven.apache.org/maven2/org/codehaus/plexus/plexus-compilers/1.8.1/plexus-compilers-1.8.1.pom
2018-01-24 18:42:05,269 [Worker-56] INFO  o.e.m.c.i.e.AbstractTransferListenerAdapter - Downloaded https://repo.maven.apache.org/maven2/org/codehaus/plexus/plexus-compilers/1.8.1/plexus-compilers-1.8.1.pom
2018-01-24 18:42:05,308 [Worker-56] INFO  o.e.m.c.i.e.AbstractTransferListenerAdapter - Downloading https://repo.maven.apache.org/maven2/org/codehaus/plexus/plexus-compiler-api/1.8.1/plexus-compiler-api-1.8.1.jar
2018-01-24 18:42:05,525 [Worker-56] INFO  o.e.m.c.i.e.AbstractTransferListenerAdapter - Downloaded https://repo.maven.apache.org/maven2/org/codehaus/plexus/plexus-compiler-api/1.8.1/plexus-compiler-api-1.8.1.jar
2018-01-24 18:42:05,546 [Worker-56] INFO  o.e.m.c.i.e.AbstractTransferListenerAdapter - Downloading https://repo.maven.apache.org/maven2/org/codehaus/plexus/plexus-compiler-manager/1.8.1/plexus-compiler-manager-1.8.1.jar
2018-01-24 18:42:05,598 [Worker-56] INFO  o.e.m.c.i.e.AbstractTransferListenerAdapter - Downloaded https://repo.maven.apache.org/maven2/org/codehaus/plexus/plexus-compiler-manager/1.8.1/plexus-compiler-manager-1.8.1.jar
2018-01-24 18:42:05,612 [Worker-56] INFO  o.e.m.c.i.e.AbstractTransferListenerAdapter - Downloading https://repo.maven.apache.org/maven2/org/codehaus/plexus/plexus-compiler-javac/1.8.1/plexus-compiler-javac-1.8.1.jar
2018-01-24 18:42:05,691 [Worker-56] INFO  o.e.m.c.i.e.AbstractTransferListenerAdapter - Downloaded https://repo.maven.apache.org/maven2/org/codehaus/plexus/plexus-compiler-javac/1.8.1/plexus-compiler-javac-1.8.1.jar
2018-01-24 18:42:05,938 [Worker-56] INFO  o.e.m.c.i.l.LifecycleMappingFactory - Using org.maven.ide.eclipse.wtp.WarLifecycleMapping lifecycle mapping for MavenProject: com.niu.spring:exercise1:0.0.1-SNAPSHOT @ A:\SpringExercises\exercise1\pom.xml.
2018-01-24 18:42:06,019 [Worker-56] INFO  o.e.m.c.i.e.AbstractTransferListenerAdapter - Downloaded http://maven.springframework.org/milestone/org/hibernate/hibernate-core/4.2.0.Final/hibernate-core-4.2.0.Final.pom
2018-01-24 18:42:06,111 [Worker-56] INFO  o.e.m.c.i.e.AbstractTransferListenerAdapter - Downloading https://repo.maven.apache.org/maven2/org/hibernate/hibernate-core/4.2.0.Final/hibernate-core-4.2.0.Final.pom
2018-01-24 18:42:06,138 [Worker-56] INFO  o.e.m.c.i.e.AbstractTransferListenerAdapter - Downloaded https://repo.maven.apache.org/maven2/org/hibernate/hibernate-core/4.2.0.Final/hibernate-core-4.2.0.Final.pom
2018-01-24 18:42:06,213 [Worker-56] INFO  o.e.m.c.i.e.AbstractTransferListenerAdapter - Downloaded http://maven.springframework.org/milestone/antlr/antlr/2.7.7/antlr-2.7.7.pom
2018-01-24 18:42:06,224 [Worker-56] INFO  o.e.m.c.i.e.AbstractTransferListenerAdapter - Downloading https://repo.maven.apache.org/maven2/antlr/antlr/2.7.7/antlr-2.7.7.pom
2018-01-24 18:42:06,243 [Worker-56] INFO  o.e.m.c.i.e.AbstractTransferListenerAdapter - Downloaded https://repo.maven.apache.org/maven2/antlr/antlr/2.7.7/antlr-2.7.7.pom
2018-01-24 18:42:06,298 [Worker-56] INFO  o.e.m.c.i.e.AbstractTransferListenerAdapter - Downloaded http://maven.springframework.org/milestone/org/jboss/logging/jboss-logging/3.1.0.GA/jboss-logging-3.1.0.GA.pom
2018-01-24 18:42:06,323 [Worker-56] INFO  o.e.m.c.i.e.AbstractTransferListenerAdapter - Downloading https://repo.maven.apache.org/maven2/org/jboss/logging/jboss-logging/3.1.0.GA/jboss-logging-3.1.0.GA.pom
2018-01-24 18:42:06,375 [Worker-56] INFO  o.e.m.c.i.e.AbstractTransferListenerAdapter - Downloaded https://repo.maven.apache.org/maven2/org/jboss/logging/jboss-logging/3.1.0.GA/jboss-logging-3.1.0.GA.pom
2018-01-24 18:42:06,488 [Worker-56] INFO  o.e.m.c.i.e.AbstractTransferListenerAdapter - Downloaded http://maven.springframework.org/milestone/org/jboss/jboss-parent/7/jboss-parent-7.pom
2018-01-24 18:42:06,508 [Worker-56] INFO  o.e.m.c.i.e.AbstractTransferListenerAdapter - Downloading https://repo.maven.apache.org/maven2/org/jboss/jboss-parent/7/jboss-parent-7.pom
2018-01-24 18:42:06,572 [Worker-56] INFO  o.e.m.c.i.e.AbstractTransferListenerAdapter - Downloaded https://repo.maven.apache.org/maven2/org/jboss/jboss-parent/7/jboss-parent-7.pom
2018-01-24 18:42:06,697 [Worker-56] INFO  o.e.m.c.i.e.AbstractTransferListenerAdapter - Downloaded http://maven.springframework.org/milestone/org/jboss/spec/javax/transaction/jboss-transaction-api_1.1_spec/1.0.0.Final/jboss-transaction-api_1.1_spec-1.0.0.Final.pom
2018-01-24 18:42:06,733 [Worker-56] INFO  o.e.m.c.i.e.AbstractTransferListenerAdapter - Downloading https://repo.maven.apache.org/maven2/org/jboss/spec/javax/transaction/jboss-transaction-api_1.1_spec/1.0.0.Final/jboss-transaction-api_1.1_spec-1.0.0.Final.pom
2018-01-24 18:42:06,765 [Worker-56] INFO  o.e.m.c.i.e.AbstractTransferListenerAdapter - Downloaded https://repo.maven.apache.org/maven2/org/jboss/spec/javax/transaction/jboss-transaction-api_1.1_spec/1.0.0.Final/jboss-transaction-api_1.1_spec-1.0.0.Final.pom
2018-01-24 18:42:06,854 [Worker-56] INFO  o.e.m.c.i.e.AbstractTransferListenerAdapter - Downloaded http://maven.springframework.org/milestone/org/jboss/spec/jboss-specs-parent/1.0.0.Beta2/jboss-specs-parent-1.0.0.Beta2.pom
2018-01-24 18:42:06,913 [Worker-56] INFO  o.e.m.c.i.e.AbstractTransferListenerAdapter - Downloading https://repo.maven.apache.org/maven2/org/jboss/spec/jboss-specs-parent/1.0.0.Beta2/jboss-specs-parent-1.0.0.Beta2.pom
2018-01-24 18:42:06,965 [Worker-56] INFO  o.e.m.c.i.e.AbstractTransferListenerAdapter - Downloaded https://repo.maven.apache.org/maven2/org/jboss/spec/jboss-specs-parent/1.0.0.Beta2/jboss-specs-parent-1.0.0.Beta2.pom
2018-01-24 18:42:07,062 [Worker-56] INFO  o.e.m.c.i.e.AbstractTransferListenerAdapter - Downloaded http://maven.springframework.org/milestone/org/jboss/jboss-parent/5/jboss-parent-5.pom
2018-01-24 18:42:07,081 [Worker-56] INFO  o.e.m.c.i.e.AbstractTransferListenerAdapter - Downloading https://repo.maven.apache.org/maven2/org/jboss/jboss-parent/5/jboss-parent-5.pom
2018-01-24 18:42:07,126 [Worker-56] INFO  o.e.m.c.i.e.AbstractTransferListenerAdapter - Downloaded https://repo.maven.apache.org/maven2/org/jboss/jboss-parent/5/jboss-parent-5.pom
2018-01-24 18:42:07,448 [Worker-56] INFO  o.e.m.c.i.e.AbstractTransferListenerAdapter - Downloaded http://maven.springframework.org/milestone/dom4j/dom4j/1.6.1/dom4j-1.6.1.pom
2018-01-24 18:42:07,466 [Worker-56] INFO  o.e.m.c.i.e.AbstractTransferListenerAdapter - Downloading https://repo.maven.apache.org/maven2/dom4j/dom4j/1.6.1/dom4j-1.6.1.pom
2018-01-24 18:42:07,524 [Worker-56] INFO  o.e.m.c.i.e.AbstractTransferListenerAdapter - Downloaded https://repo.maven.apache.org/maven2/dom4j/dom4j/1.6.1/dom4j-1.6.1.pom
2018-01-24 18:42:07,622 [Worker-56] INFO  o.e.m.c.i.e.AbstractTransferListenerAdapter - Downloaded http://maven.springframework.org/milestone/org/hibernate/javax/persistence/hibernate-jpa-2.0-api/1.0.1.Final/hibernate-jpa-2.0-api-1.0.1.Final.pom
2018-01-24 18:42:07,652 [Worker-56] INFO  o.e.m.c.i.e.AbstractTransferListenerAdapter - Downloading https://repo.maven.apache.org/maven2/org/hibernate/javax/persistence/hibernate-jpa-2.0-api/1.0.1.Final/hibernate-jpa-2.0-api-1.0.1.Final.pom
2018-01-24 18:42:07,701 [Worker-56] INFO  o.e.m.c.i.e.AbstractTransferListenerAdapter - Downloaded https://repo.maven.apache.org/maven2/org/hibernate/javax/persistence/hibernate-jpa-2.0-api/1.0.1.Final/hibernate-jpa-2.0-api-1.0.1.Final.pom
2018-01-24 18:42:07,804 [Worker-56] INFO  o.e.m.c.i.e.AbstractTransferListenerAdapter - Downloaded http://maven.springframework.org/milestone/org/javassist/javassist/3.15.0-GA/javassist-3.15.0-GA.pom
2018-01-24 18:42:07,829 [Worker-56] INFO  o.e.m.c.i.e.AbstractTransferListenerAdapter - Downloading https://repo.maven.apache.org/maven2/org/javassist/javassist/3.15.0-GA/javassist-3.15.0-GA.pom
2018-01-24 18:42:07,887 [Worker-56] INFO  o.e.m.c.i.e.AbstractTransferListenerAdapter - Downloaded https://repo.maven.apache.org/maven2/org/javassist/javassist/3.15.0-GA/javassist-3.15.0-GA.pom
2018-01-24 18:42:07,987 [Worker-56] INFO  o.e.m.c.i.e.AbstractTransferListenerAdapter - Downloaded http://maven.springframework.org/milestone/org/hibernate/common/hibernate-commons-annotations/4.0.1.Final/hibernate-commons-annotations-4.0.1.Final.pom
2018-01-24 18:42:08,010 [Worker-56] INFO  o.e.m.c.i.e.AbstractTransferListenerAdapter - Downloading https://repo.maven.apache.org/maven2/org/hibernate/common/hibernate-commons-annotations/4.0.1.Final/hibernate-commons-annotations-4.0.1.Final.pom
2018-01-24 18:42:08,064 [Worker-56] INFO  o.e.m.c.i.e.AbstractTransferListenerAdapter - Downloaded https://repo.maven.apache.org/maven2/org/hibernate/common/hibernate-commons-annotations/4.0.1.Final/hibernate-commons-annotations-4.0.1.Final.pom
2018-01-24 18:42:08,192 [Worker-56] INFO  o.e.m.c.i.e.AbstractTransferListenerAdapter - Downloaded http://maven.springframework.org/milestone/org/jboss/logging/jboss-logging/3.1.0.CR2/jboss-logging-3.1.0.CR2.pom
2018-01-24 18:42:08,217 [Worker-56] INFO  o.e.m.c.i.e.AbstractTransferListenerAdapter - Downloading https://repo.maven.apache.org/maven2/org/jboss/logging/jboss-logging/3.1.0.CR2/jboss-logging-3.1.0.CR2.pom
2018-01-24 18:42:08,270 [Worker-56] INFO  o.e.m.c.i.e.AbstractTransferListenerAdapter - Downloaded https://repo.maven.apache.org/maven2/org/jboss/logging/jboss-logging/3.1.0.CR2/jboss-logging-3.1.0.CR2.pom
2018-01-24 18:42:08,356 [Worker-56] INFO  o.e.m.c.i.e.AbstractTransferListenerAdapter - Downloaded http://maven.springframework.org/milestone/org/jboss/jboss-parent/6/jboss-parent-6.pom
2018-01-24 18:42:08,380 [Worker-56] INFO  o.e.m.c.i.e.AbstractTransferListenerAdapter - Downloading https://repo.maven.apache.org/maven2/org/jboss/jboss-parent/6/jboss-parent-6.pom
2018-01-24 18:42:08,416 [Worker-56] INFO  o.e.m.c.i.e.AbstractTransferListenerAdapter - Downloaded https://repo.maven.apache.org/maven2/org/jboss/jboss-parent/6/jboss-parent-6.pom
2018-01-24 18:42:08,484 [Worker-56] INFO  o.e.m.c.i.e.AbstractTransferListenerAdapter - Downloaded http://maven.springframework.org/milestone/org/hibernate/hibernate-entitymanager/4.2.0.Final/hibernate-entitymanager-4.2.0.Final.pom
2018-01-24 18:42:08,502 [Worker-56] INFO  o.e.m.c.i.e.AbstractTransferListenerAdapter - Downloading https://repo.maven.apache.org/maven2/org/hibernate/hibernate-entitymanager/4.2.0.Final/hibernate-entitymanager-4.2.0.Final.pom
2018-01-24 18:42:08,527 [Worker-56] INFO  o.e.m.c.i.e.AbstractTransferListenerAdapter - Downloaded https://repo.maven.apache.org/maven2/org/hibernate/hibernate-entitymanager/4.2.0.Final/hibernate-entitymanager-4.2.0.Final.pom
2018-01-24 18:42:08,589 [Worker-56] INFO  o.e.m.c.i.e.AbstractTransferListenerAdapter - Downloaded http://maven.springframework.org/milestone/mysql/mysql-connector-java/5.1.21/mysql-connector-java-5.1.21.pom
2018-01-24 18:42:08,616 [Worker-56] INFO  o.e.m.c.i.e.AbstractTransferListenerAdapter - Downloading https://repo.maven.apache.org/maven2/mysql/mysql-connector-java/5.1.21/mysql-connector-java-5.1.21.pom
2018-01-24 18:42:08,658 [Worker-56] INFO  o.e.m.c.i.e.AbstractTransferListenerAdapter - Downloaded https://repo.maven.apache.org/maven2/mysql/mysql-connector-java/5.1.21/mysql-connector-java-5.1.21.pom
2018-01-24 18:42:08,732 [Worker-56] INFO  o.e.m.c.i.e.AbstractTransferListenerAdapter - Downloaded http://maven.springframework.org/milestone/commons-dbcp/commons-dbcp/1.4/commons-dbcp-1.4.pom
2018-01-24 18:42:08,779 [Worker-56] INFO  o.e.m.c.i.e.AbstractTransferListenerAdapter - Downloading https://repo.maven.apache.org/maven2/commons-dbcp/commons-dbcp/1.4/commons-dbcp-1.4.pom
2018-01-24 18:42:08,819 [Worker-56] INFO  o.e.m.c.i.e.AbstractTransferListenerAdapter - Downloaded https://repo.maven.apache.org/maven2/commons-dbcp/commons-dbcp/1.4/commons-dbcp-1.4.pom
2018-01-24 18:42:08,891 [Worker-56] INFO  o.e.m.c.i.e.AbstractTransferListenerAdapter - Downloaded http://maven.springframework.org/milestone/org/apache/commons/commons-parent/12/commons-parent-12.pom
2018-01-24 18:42:08,908 [Worker-56] INFO  o.e.m.c.i.e.AbstractTransferListenerAdapter - Downloading https://repo.maven.apache.org/maven2/org/apache/commons/commons-parent/12/commons-parent-12.pom
2018-01-24 18:42:08,942 [Worker-56] INFO  o.e.m.c.i.e.AbstractTransferListenerAdapter - Downloaded https://repo.maven.apache.org/maven2/org/apache/commons/commons-parent/12/commons-parent-12.pom
2018-01-24 18:42:09,020 [Worker-56] INFO  o.e.m.c.i.e.AbstractTransferListenerAdapter - Downloaded http://maven.springframework.org/milestone/commons-pool/commons-pool/1.5.4/commons-pool-1.5.4.pom
2018-01-24 18:42:09,053 [Worker-56] INFO  o.e.m.c.i.e.AbstractTransferListenerAdapter - Downloading https://repo.maven.apache.org/maven2/commons-pool/commons-pool/1.5.4/commons-pool-1.5.4.pom
2018-01-24 18:42:09,090 [Worker-56] INFO  o.e.m.c.i.e.AbstractTransferListenerAdapter - Downloaded https://repo.maven.apache.org/maven2/commons-pool/commons-pool/1.5.4/commons-pool-1.5.4.pom
2018-01-24 18:42:09,181 [Worker-56] INFO  o.e.m.c.i.e.AbstractTransferListenerAdapter - Downloaded http://maven.springframework.org/milestone/javassist/javassist/3.12.1.GA/javassist-3.12.1.GA.pom
2018-01-24 18:42:09,203 [Worker-56] INFO  o.e.m.c.i.e.AbstractTransferListenerAdapter - Downloading https://repo.maven.apache.org/maven2/javassist/javassist/3.12.1.GA/javassist-3.12.1.GA.pom
2018-01-24 18:42:09,239 [Worker-56] INFO  o.e.m.c.i.e.AbstractTransferListenerAdapter - Downloaded https://repo.maven.apache.org/maven2/javassist/javassist/3.12.1.GA/javassist-3.12.1.GA.pom
2018-01-24 18:42:09,439 [Worker-56] INFO  o.e.m.c.i.e.AbstractTransferListenerAdapter - Downloading http://maven.springframework.org/milestone/org/springframework/spring-core/3.2.2.RELEASE/spring-core-3.2.2.RELEASE.pom
2018-01-24 18:42:09,543 [Worker-56] INFO  o.e.m.c.i.e.AbstractTransferListenerAdapter - Downloaded http://maven.springframework.org/milestone/org/springframework/spring-core/3.2.2.RELEASE/spring-core-3.2.2.RELEASE.pom
2018-01-24 18:42:09,618 [Worker-56] INFO  o.e.m.c.i.e.AbstractTransferListenerAdapter - Downloaded http://maven.springframework.org/milestone/commons-logging/commons-logging/1.1.1/commons-logging-1.1.1.pom
2018-01-24 18:42:09,653 [Worker-56] INFO  o.e.m.c.i.e.AbstractTransferListenerAdapter - Downloading https://repo.maven.apache.org/maven2/commons-logging/commons-logging/1.1.1/commons-logging-1.1.1.pom
2018-01-24 18:42:09,719 [Worker-56] INFO  o.e.m.c.i.e.AbstractTransferListenerAdapter - Downloaded https://repo.maven.apache.org/maven2/commons-logging/commons-logging/1.1.1/commons-logging-1.1.1.pom
2018-01-24 18:42:09,798 [Worker-56] INFO  o.e.m.c.i.e.AbstractTransferListenerAdapter - Downloaded http://maven.springframework.org/milestone/org/apache/commons/commons-parent/5/commons-parent-5.pom
2018-01-24 18:42:09,812 [Worker-56] INFO  o.e.m.c.i.e.AbstractTransferListenerAdapter - Downloading https://repo.maven.apache.org/maven2/org/apache/commons/commons-parent/5/commons-parent-5.pom
2018-01-24 18:42:09,848 [Worker-56] INFO  o.e.m.c.i.e.AbstractTransferListenerAdapter - Downloaded https://repo.maven.apache.org/maven2/org/apache/commons/commons-parent/5/commons-parent-5.pom
2018-01-24 18:42:10,269 [Worker-56] INFO  o.e.m.c.i.e.AbstractTransferListenerAdapter - Downloading http://maven.springframework.org/milestone/org/springframework/spring-web/3.2.2.RELEASE/spring-web-3.2.2.RELEASE.pom
2018-01-24 18:42:10,388 [Worker-56] INFO  o.e.m.c.i.e.AbstractTransferListenerAdapter - Downloaded http://maven.springframework.org/milestone/org/springframework/spring-web/3.2.2.RELEASE/spring-web-3.2.2.RELEASE.pom
2018-01-24 18:42:10,471 [Worker-56] INFO  o.e.m.c.i.e.AbstractTransferListenerAdapter - Downloaded http://maven.springframework.org/milestone/aopalliance/aopalliance/1.0/aopalliance-1.0.pom
2018-01-24 18:42:10,492 [Worker-56] INFO  o.e.m.c.i.e.AbstractTransferListenerAdapter - Downloading https://repo.maven.apache.org/maven2/aopalliance/aopalliance/1.0/aopalliance-1.0.pom
2018-01-24 18:42:10,538 [Worker-56] INFO  o.e.m.c.i.e.AbstractTransferListenerAdapter - Downloaded https://repo.maven.apache.org/maven2/aopalliance/aopalliance/1.0/aopalliance-1.0.pom
2018-01-24 18:42:10,999 [Worker-56] INFO  o.e.m.c.i.e.AbstractTransferListenerAdapter - Downloading http://maven.springframework.org/milestone/org/springframework/spring-aop/3.2.2.RELEASE/spring-aop-3.2.2.RELEASE.pom
2018-01-24 18:42:11,083 [Worker-56] INFO  o.e.m.c.i.e.AbstractTransferListenerAdapter - Downloaded http://maven.springframework.org/milestone/org/springframework/spring-aop/3.2.2.RELEASE/spring-aop-3.2.2.RELEASE.pom
2018-01-24 18:42:11,526 [Worker-56] INFO  o.e.m.c.i.e.AbstractTransferListenerAdapter - Downloading http://maven.springframework.org/milestone/org/springframework/spring-beans/3.2.2.RELEASE/spring-beans-3.2.2.RELEASE.pom
2018-01-24 18:42:11,857 [Worker-56] INFO  o.e.m.c.i.e.AbstractTransferListenerAdapter - Downloaded http://maven.springframework.org/milestone/org/springframework/spring-beans/3.2.2.RELEASE/spring-beans-3.2.2.RELEASE.pom
2018-01-24 18:42:12,148 [Worker-56] INFO  o.e.m.c.i.e.AbstractTransferListenerAdapter - Downloading http://maven.springframework.org/milestone/org/springframework/spring-context/3.2.2.RELEASE/spring-context-3.2.2.RELEASE.pom
2018-01-24 18:42:12,488 [Worker-56] INFO  o.e.m.c.i.e.AbstractTransferListenerAdapter - Downloaded http://maven.springframework.org/milestone/org/springframework/spring-context/3.2.2.RELEASE/spring-context-3.2.2.RELEASE.pom
2018-01-24 18:42:12,679 [Worker-56] INFO  o.e.m.c.i.e.AbstractTransferListenerAdapter - Downloading http://maven.springframework.org/milestone/org/springframework/spring-expression/3.2.2.RELEASE/spring-expression-3.2.2.RELEASE.pom
2018-01-24 18:42:12,763 [Worker-56] INFO  o.e.m.c.i.e.AbstractTransferListenerAdapter - Downloaded http://maven.springframework.org/milestone/org/springframework/spring-expression/3.2.2.RELEASE/spring-expression-3.2.2.RELEASE.pom
2018-01-24 18:42:13,091 [Worker-56] INFO  o.e.m.c.i.e.AbstractTransferListenerAdapter - Downloading http://maven.springframework.org/milestone/org/springframework/spring-webmvc/3.2.2.RELEASE/spring-webmvc-3.2.2.RELEASE.pom
2018-01-24 18:42:13,241 [Worker-56] INFO  o.e.m.c.i.e.AbstractTransferListenerAdapter - Downloaded http://maven.springframework.org/milestone/org/springframework/spring-webmvc/3.2.2.RELEASE/spring-webmvc-3.2.2.RELEASE.pom
2018-01-24 18:42:13,610 [Worker-56] INFO  o.e.m.c.i.e.AbstractTransferListenerAdapter - Downloading http://maven.springframework.org/milestone/org/springframework/spring-tx/3.2.2.RELEASE/spring-tx-3.2.2.RELEASE.pom
2018-01-24 18:42:13,710 [Worker-56] INFO  o.e.m.c.i.e.AbstractTransferListenerAdapter - Downloaded http://maven.springframework.org/milestone/org/springframework/spring-tx/3.2.2.RELEASE/spring-tx-3.2.2.RELEASE.pom
2018-01-24 18:42:14,133 [Worker-56] INFO  o.e.m.c.i.e.AbstractTransferListenerAdapter - Downloading http://maven.springframework.org/milestone/org/springframework/spring-jdbc/3.2.2.RELEASE/spring-jdbc-3.2.2.RELEASE.pom
2018-01-24 18:42:14,265 [Worker-56] INFO  o.e.m.c.i.e.AbstractTransferListenerAdapter - Downloaded http://maven.springframework.org/milestone/org/springframework/spring-jdbc/3.2.2.RELEASE/spring-jdbc-3.2.2.RELEASE.pom
2018-01-24 18:42:14,655 [Worker-56] INFO  o.e.m.c.i.e.AbstractTransferListenerAdapter - Downloading http://maven.springframework.org/milestone/org/springframework/spring-orm/3.2.2.RELEASE/spring-orm-3.2.2.RELEASE.pom
2018-01-24 18:42:14,789 [Worker-56] INFO  o.e.m.c.i.e.AbstractTransferListenerAdapter - Downloaded http://maven.springframework.org/milestone/org/springframework/spring-orm/3.2.2.RELEASE/spring-orm-3.2.2.RELEASE.pom
2018-01-24 18:42:15,177 [Worker-56] INFO  o.e.m.c.i.e.AbstractTransferListenerAdapter - Downloading http://maven.springframework.org/milestone/org/springframework/security/spring-security-core/3.1.3.RELEASE/spring-security-core-3.1.3.RELEASE.pom
2018-01-24 18:42:15,318 [Worker-56] INFO  o.e.m.c.i.e.AbstractTransferListenerAdapter - Downloaded http://maven.springframework.org/milestone/org/springframework/security/spring-security-core/3.1.3.RELEASE/spring-security-core-3.1.3.RELEASE.pom
2018-01-24 18:42:15,428 [Worker-56] INFO  o.e.m.c.i.e.AbstractTransferListenerAdapter - Downloading http://maven.springframework.org/milestone/org/springframework/spring-aop/3.0.7.RELEASE/spring-aop-3.0.7.RELEASE.pom
2018-01-24 18:42:15,514 [Worker-56] INFO  o.e.m.c.i.e.AbstractTransferListenerAdapter - Downloaded http://maven.springframework.org/milestone/org/springframework/spring-aop/3.0.7.RELEASE/spring-aop-3.0.7.RELEASE.pom
2018-01-24 18:42:15,629 [Worker-56] INFO  o.e.m.c.i.e.AbstractTransferListenerAdapter - Downloading http://maven.springframework.org/milestone/org/springframework/spring-parent/3.0.7.RELEASE/spring-parent-3.0.7.RELEASE.pom
2018-01-24 18:42:15,717 [Worker-56] INFO  o.e.m.c.i.e.AbstractTransferListenerAdapter - Downloaded http://maven.springframework.org/milestone/org/springframework/spring-parent/3.0.7.RELEASE/spring-parent-3.0.7.RELEASE.pom
2018-01-24 18:42:15,904 [Worker-56] INFO  o.e.m.c.i.e.AbstractTransferListenerAdapter - Downloading http://maven.springframework.org/milestone/org/springframework/spring-asm/3.0.7.RELEASE/spring-asm-3.0.7.RELEASE.pom
2018-01-24 18:42:16,004 [Worker-56] INFO  o.e.m.c.i.e.AbstractTransferListenerAdapter - Downloaded http://maven.springframework.org/milestone/org/springframework/spring-asm/3.0.7.RELEASE/spring-asm-3.0.7.RELEASE.pom
2018-01-24 18:42:16,108 [Worker-56] INFO  o.e.m.c.i.e.AbstractTransferListenerAdapter - Downloading http://maven.springframework.org/milestone/org/springframework/spring-beans/3.0.7.RELEASE/spring-beans-3.0.7.RELEASE.pom
2018-01-24 18:42:16,237 [Worker-56] INFO  o.e.m.c.i.e.AbstractTransferListenerAdapter - Downloaded http://maven.springframework.org/milestone/org/springframework/spring-beans/3.0.7.RELEASE/spring-beans-3.0.7.RELEASE.pom
2018-01-24 18:42:16,335 [Worker-56] INFO  o.e.m.c.i.e.AbstractTransferListenerAdapter - Downloading http://maven.springframework.org/milestone/org/springframework/spring-core/3.0.7.RELEASE/spring-core-3.0.7.RELEASE.pom
2018-01-24 18:42:16,476 [Worker-56] INFO  o.e.m.c.i.e.AbstractTransferListenerAdapter - Downloaded http://maven.springframework.org/milestone/org/springframework/spring-core/3.0.7.RELEASE/spring-core-3.0.7.RELEASE.pom
2018-01-24 18:42:16,571 [Worker-56] INFO  o.e.m.c.i.e.AbstractTransferListenerAdapter - Downloading http://maven.springframework.org/milestone/org/springframework/spring-context/3.0.7.RELEASE/spring-context-3.0.7.RELEASE.pom
2018-01-24 18:42:16,678 [Worker-56] INFO  o.e.m.c.i.e.AbstractTransferListenerAdapter - Downloaded http://maven.springframework.org/milestone/org/springframework/spring-context/3.0.7.RELEASE/spring-context-3.0.7.RELEASE.pom
2018-01-24 18:42:16,772 [Worker-56] INFO  o.e.m.c.i.e.AbstractTransferListenerAdapter - Downloading http://maven.springframework.org/milestone/org/springframework/spring-expression/3.0.7.RELEASE/spring-expression-3.0.7.RELEASE.pom
2018-01-24 18:42:16,864 [Worker-56] INFO  o.e.m.c.i.e.AbstractTransferListenerAdapter - Downloaded http://maven.springframework.org/milestone/org/springframework/spring-expression/3.0.7.RELEASE/spring-expression-3.0.7.RELEASE.pom
2018-01-24 18:42:17,161 [Worker-56] INFO  o.e.m.c.i.e.AbstractTransferListenerAdapter - Downloading http://maven.springframework.org/milestone/org/springframework/security/spring-security-web/3.1.3.RELEASE/spring-security-web-3.1.3.RELEASE.pom
2018-01-24 18:42:17,255 [Worker-56] INFO  o.e.m.c.i.e.AbstractTransferListenerAdapter - Downloaded http://maven.springframework.org/milestone/org/springframework/security/spring-security-web/3.1.3.RELEASE/spring-security-web-3.1.3.RELEASE.pom
2018-01-24 18:42:17,362 [Worker-56] INFO  o.e.m.c.i.e.AbstractTransferListenerAdapter - Downloading http://maven.springframework.org/milestone/org/springframework/spring-jdbc/3.0.7.RELEASE/spring-jdbc-3.0.7.RELEASE.pom
2018-01-24 18:42:17,469 [Worker-56] INFO  o.e.m.c.i.e.AbstractTransferListenerAdapter - Downloaded http://maven.springframework.org/milestone/org/springframework/spring-jdbc/3.0.7.RELEASE/spring-jdbc-3.0.7.RELEASE.pom
2018-01-24 18:42:17,563 [Worker-56] INFO  o.e.m.c.i.e.AbstractTransferListenerAdapter - Downloading http://maven.springframework.org/milestone/org/springframework/spring-tx/3.0.7.RELEASE/spring-tx-3.0.7.RELEASE.pom
2018-01-24 18:42:17,649 [Worker-56] INFO  o.e.m.c.i.e.AbstractTransferListenerAdapter - Downloaded http://maven.springframework.org/milestone/org/springframework/spring-tx/3.0.7.RELEASE/spring-tx-3.0.7.RELEASE.pom
2018-01-24 18:42:17,715 [Worker-56] INFO  o.e.m.c.i.e.AbstractTransferListenerAdapter - Downloading http://maven.springframework.org/milestone/org/springframework/spring-web/3.0.7.RELEASE/spring-web-3.0.7.RELEASE.pom
2018-01-24 18:42:17,781 [Worker-56] INFO  o.e.m.c.i.e.AbstractTransferListenerAdapter - Downloaded http://maven.springframework.org/milestone/org/springframework/spring-web/3.0.7.RELEASE/spring-web-3.0.7.RELEASE.pom
2018-01-24 18:42:17,990 [Worker-56] INFO  o.e.m.c.i.e.AbstractTransferListenerAdapter - Downloading http://maven.springframework.org/milestone/org/springframework/security/spring-security-config/3.1.3.RELEASE/spring-security-config-3.1.3.RELEASE.pom
2018-01-24 18:42:18,082 [Worker-56] INFO  o.e.m.c.i.e.AbstractTransferListenerAdapter - Downloaded http://maven.springframework.org/milestone/org/springframework/security/spring-security-config/3.1.3.RELEASE/spring-security-config-3.1.3.RELEASE.pom
2018-01-24 18:42:18,168 [Worker-56] INFO  o.e.m.c.i.e.AbstractTransferListenerAdapter - Downloading http://maven.springframework.org/milestone/org/springframework/security/spring-security-taglibs/3.1.3.RELEASE/spring-security-taglibs-3.1.3.RELEASE.pom
2018-01-24 18:42:18,251 [Worker-56] INFO  o.e.m.c.i.e.AbstractTransferListenerAdapter - Downloaded http://maven.springframework.org/milestone/org/springframework/security/spring-security-taglibs/3.1.3.RELEASE/spring-security-taglibs-3.1.3.RELEASE.pom
2018-01-24 18:42:18,504 [Worker-56] INFO  o.e.m.c.i.e.AbstractTransferListenerAdapter - Downloading http://maven.springframework.org/milestone/org/springframework/security/spring-security-acl/3.1.3.RELEASE/spring-security-acl-3.1.3.RELEASE.pom
2018-01-24 18:42:18,639 [Worker-56] INFO  o.e.m.c.i.e.AbstractTransferListenerAdapter - Downloaded http://maven.springframework.org/milestone/org/springframework/security/spring-security-acl/3.1.3.RELEASE/spring-security-acl-3.1.3.RELEASE.pom
2018-01-24 18:42:18,736 [Worker-56] INFO  o.e.m.c.i.e.AbstractTransferListenerAdapter - Downloaded http://maven.springframework.org/milestone/cglib/cglib/2.2.2/cglib-2.2.2.pom
2018-01-24 18:42:18,759 [Worker-56] INFO  o.e.m.c.i.e.AbstractTransferListenerAdapter - Downloading https://repo.maven.apache.org/maven2/cglib/cglib/2.2.2/cglib-2.2.2.pom
2018-01-24 18:42:18,808 [Worker-56] INFO  o.e.m.c.i.e.AbstractTransferListenerAdapter - Downloaded https://repo.maven.apache.org/maven2/cglib/cglib/2.2.2/cglib-2.2.2.pom
2018-01-24 18:42:18,939 [Worker-56] INFO  o.e.m.c.i.e.AbstractTransferListenerAdapter - Downloaded http://maven.springframework.org/milestone/asm/asm/3.3.1/asm-3.3.1.pom
2018-01-24 18:42:18,960 [Worker-56] INFO  o.e.m.c.i.e.AbstractTransferListenerAdapter - Downloading https://repo.maven.apache.org/maven2/asm/asm/3.3.1/asm-3.3.1.pom
2018-01-24 18:42:18,997 [Worker-56] INFO  o.e.m.c.i.e.AbstractTransferListenerAdapter - Downloaded https://repo.maven.apache.org/maven2/asm/asm/3.3.1/asm-3.3.1.pom
2018-01-24 18:42:19,187 [Worker-56] INFO  o.e.m.c.i.e.AbstractTransferListenerAdapter - Downloaded http://maven.springframework.org/milestone/asm/asm-parent/3.3.1/asm-parent-3.3.1.pom
2018-01-24 18:42:19,217 [Worker-56] INFO  o.e.m.c.i.e.AbstractTransferListenerAdapter - Downloading https://repo.maven.apache.org/maven2/asm/asm-parent/3.3.1/asm-parent-3.3.1.pom
2018-01-24 18:42:19,276 [Worker-56] INFO  o.e.m.c.i.e.AbstractTransferListenerAdapter - Downloaded https://repo.maven.apache.org/maven2/asm/asm-parent/3.3.1/asm-parent-3.3.1.pom
2018-01-24 18:42:19,528 [Worker-56] INFO  o.e.m.c.i.e.AbstractTransferListenerAdapter - Downloaded http://maven.springframework.org/milestone/jstl/jstl/1.2/jstl-1.2.pom
2018-01-24 18:42:19,544 [Worker-56] INFO  o.e.m.c.i.e.AbstractTransferListenerAdapter - Downloading https://repo.maven.apache.org/maven2/jstl/jstl/1.2/jstl-1.2.pom
2018-01-24 18:42:19,589 [Worker-56] INFO  o.e.m.c.i.e.AbstractTransferListenerAdapter - Downloaded https://repo.maven.apache.org/maven2/jstl/jstl/1.2/jstl-1.2.pom
2018-01-24 18:42:19,680 [Worker-56] INFO  o.e.m.c.i.e.AbstractTransferListenerAdapter - Downloaded http://maven.springframework.org/milestone/junit/junit/4.7/junit-4.7.pom
2018-01-24 18:42:19,698 [Worker-56] INFO  o.e.m.c.i.e.AbstractTransferListenerAdapter - Downloading https://repo.maven.apache.org/maven2/junit/junit/4.7/junit-4.7.pom
2018-01-24 18:42:19,729 [Worker-56] INFO  o.e.m.c.i.e.AbstractTransferListenerAdapter - Downloaded https://repo.maven.apache.org/maven2/junit/junit/4.7/junit-4.7.pom
2018-01-24 18:42:20,083 [Worker-56] INFO  o.e.m.c.i.e.AbstractTransferListenerAdapter - Downloading http://maven.springframework.org/milestone/org/springframework/spring-test/3.2.2.RELEASE/spring-test-3.2.2.RELEASE.pom
2018-01-24 18:42:20,234 [Worker-56] INFO  o.e.m.c.i.e.AbstractTransferListenerAdapter - Downloaded http://maven.springframework.org/milestone/org/springframework/spring-test/3.2.2.RELEASE/spring-test-3.2.2.RELEASE.pom
2018-01-24 18:42:20,600 [Worker-56] INFO  o.e.m.c.i.e.AbstractTransferListenerAdapter - Downloading http://maven.springframework.org/milestone/org/springframework/spring-test-mvc/1.0.0.M1/spring-test-mvc-1.0.0.M1.pom
2018-01-24 18:42:20,732 [Worker-56] INFO  o.e.m.c.i.e.AbstractTransferListenerAdapter - Downloaded http://maven.springframework.org/milestone/org/springframework/spring-test-mvc/1.0.0.M1/spring-test-mvc-1.0.0.M1.pom
2018-01-24 18:42:20,839 [Worker-56] INFO  o.e.m.c.i.e.AbstractTransferListenerAdapter - Downloading http://maven.springframework.org/milestone/org/springframework/spring-context/3.1.1.RELEASE/spring-context-3.1.1.RELEASE.pom
2018-01-24 18:42:20,930 [Worker-56] INFO  o.e.m.c.i.e.AbstractTransferListenerAdapter - Downloaded http://maven.springframework.org/milestone/org/springframework/spring-context/3.1.1.RELEASE/spring-context-3.1.1.RELEASE.pom
2018-01-24 18:42:21,022 [Worker-56] INFO  o.e.m.c.i.e.AbstractTransferListenerAdapter - Downloading http://maven.springframework.org/milestone/org/springframework/spring-parent/3.1.1.RELEASE/spring-parent-3.1.1.RELEASE.pom
2018-01-24 18:42:21,120 [Worker-56] INFO  o.e.m.c.i.e.AbstractTransferListenerAdapter - Downloaded http://maven.springframework.org/milestone/org/springframework/spring-parent/3.1.1.RELEASE/spring-parent-3.1.1.RELEASE.pom
2018-01-24 18:42:21,208 [Worker-56] INFO  o.e.m.c.i.e.AbstractTransferListenerAdapter - Downloading http://maven.springframework.org/milestone/org/springframework/spring-aop/3.1.1.RELEASE/spring-aop-3.1.1.RELEASE.pom
2018-01-24 18:42:21,331 [Worker-56] INFO  o.e.m.c.i.e.AbstractTransferListenerAdapter - Downloaded http://maven.springframework.org/milestone/org/springframework/spring-aop/3.1.1.RELEASE/spring-aop-3.1.1.RELEASE.pom
2018-01-24 18:42:21,436 [Worker-56] INFO  o.e.m.c.i.e.AbstractTransferListenerAdapter - Downloading http://maven.springframework.org/milestone/org/springframework/spring-asm/3.1.1.RELEASE/spring-asm-3.1.1.RELEASE.pom
2018-01-24 18:42:21,544 [Worker-56] INFO  o.e.m.c.i.e.AbstractTransferListenerAdapter - Downloaded http://maven.springframework.org/milestone/org/springframework/spring-asm/3.1.1.RELEASE/spring-asm-3.1.1.RELEASE.pom
2018-01-24 18:42:21,628 [Worker-56] INFO  o.e.m.c.i.e.AbstractTransferListenerAdapter - Downloading http://maven.springframework.org/milestone/org/springframework/spring-beans/3.1.1.RELEASE/spring-beans-3.1.1.RELEASE.pom
2018-01-24 18:42:21,703 [Worker-56] INFO  o.e.m.c.i.e.AbstractTransferListenerAdapter - Downloaded http://maven.springframework.org/milestone/org/springframework/spring-beans/3.1.1.RELEASE/spring-beans-3.1.1.RELEASE.pom
2018-01-24 18:42:21,788 [Worker-56] INFO  o.e.m.c.i.e.AbstractTransferListenerAdapter - Downloading http://maven.springframework.org/milestone/org/springframework/spring-core/3.1.1.RELEASE/spring-core-3.1.1.RELEASE.pom
2018-01-24 18:42:21,868 [Worker-56] INFO  o.e.m.c.i.e.AbstractTransferListenerAdapter - Downloaded http://maven.springframework.org/milestone/org/springframework/spring-core/3.1.1.RELEASE/spring-core-3.1.1.RELEASE.pom
2018-01-24 18:42:21,974 [Worker-56] INFO  o.e.m.c.i.e.AbstractTransferListenerAdapter - Downloading http://maven.springframework.org/milestone/org/springframework/spring-expression/3.1.1.RELEASE/spring-expression-3.1.1.RELEASE.pom
2018-01-24 18:42:22,158 [Worker-56] INFO  o.e.m.c.i.e.AbstractTransferListenerAdapter - Downloaded http://maven.springframework.org/milestone/org/springframework/spring-expression/3.1.1.RELEASE/spring-expression-3.1.1.RELEASE.pom
2018-01-24 18:42:22,453 [Worker-56] INFO  o.e.m.c.i.e.AbstractTransferListenerAdapter - Downloading http://maven.springframework.org/milestone/org/springframework/spring-webmvc/3.1.1.RELEASE/spring-webmvc-3.1.1.RELEASE.pom
2018-01-24 18:42:22,552 [Worker-56] INFO  o.e.m.c.i.e.AbstractTransferListenerAdapter - Downloaded http://maven.springframework.org/milestone/org/springframework/spring-webmvc/3.1.1.RELEASE/spring-webmvc-3.1.1.RELEASE.pom
2018-01-24 18:42:22,652 [Worker-56] INFO  o.e.m.c.i.e.AbstractTransferListenerAdapter - Downloading http://maven.springframework.org/milestone/org/springframework/spring-context-support/3.1.1.RELEASE/spring-context-support-3.1.1.RELEASE.pom
2018-01-24 18:42:22,836 [Worker-56] INFO  o.e.m.c.i.e.AbstractTransferListenerAdapter - Downloaded http://maven.springframework.org/milestone/org/springframework/spring-context-support/3.1.1.RELEASE/spring-context-support-3.1.1.RELEASE.pom
2018-01-24 18:42:22,922 [Worker-56] INFO  o.e.m.c.i.e.AbstractTransferListenerAdapter - Downloading http://maven.springframework.org/milestone/org/springframework/spring-web/3.1.1.RELEASE/spring-web-3.1.1.RELEASE.pom
2018-01-24 18:42:23,011 [Worker-56] INFO  o.e.m.c.i.e.AbstractTransferListenerAdapter - Downloaded http://maven.springframework.org/milestone/org/springframework/spring-web/3.1.1.RELEASE/spring-web-3.1.1.RELEASE.pom
2018-01-24 18:42:23,304 [Worker-56] INFO  o.e.m.c.i.e.AbstractTransferListenerAdapter - Downloading http://maven.springframework.org/milestone/org/springframework/spring-test/3.1.1.RELEASE/spring-test-3.1.1.RELEASE.pom
2018-01-24 18:42:23,470 [Worker-56] INFO  o.e.m.c.i.e.AbstractTransferListenerAdapter - Downloaded http://maven.springframework.org/milestone/org/springframework/spring-test/3.1.1.RELEASE/spring-test-3.1.1.RELEASE.pom
2018-01-24 18:42:23,548 [Worker-56] INFO  o.e.m.c.i.e.AbstractTransferListenerAdapter - Downloaded http://maven.springframework.org/milestone/org/hamcrest/hamcrest-library/1.2.1/hamcrest-library-1.2.1.pom
2018-01-24 18:42:23,587 [Worker-56] INFO  o.e.m.c.i.e.AbstractTransferListenerAdapter - Downloading https://repo.maven.apache.org/maven2/org/hamcrest/hamcrest-library/1.2.1/hamcrest-library-1.2.1.pom
2018-01-24 18:42:23,614 [Worker-56] INFO  o.e.m.c.i.e.AbstractTransferListenerAdapter - Downloaded https://repo.maven.apache.org/maven2/org/hamcrest/hamcrest-library/1.2.1/hamcrest-library-1.2.1.pom
2018-01-24 18:42:23,699 [Worker-56] INFO  o.e.m.c.i.e.AbstractTransferListenerAdapter - Downloaded http://maven.springframework.org/milestone/org/hamcrest/hamcrest-core/1.2.1/hamcrest-core-1.2.1.pom
2018-01-24 18:42:23,715 [Worker-56] INFO  o.e.m.c.i.e.AbstractTransferListenerAdapter - Downloading https://repo.maven.apache.org/maven2/org/hamcrest/hamcrest-core/1.2.1/hamcrest-core-1.2.1.pom
2018-01-24 18:42:23,756 [Worker-56] INFO  o.e.m.c.i.e.AbstractTransferListenerAdapter - Downloaded https://repo.maven.apache.org/maven2/org/hamcrest/hamcrest-core/1.2.1/hamcrest-core-1.2.1.pom
2018-01-24 18:42:23,862 [Worker-56] INFO  o.e.m.c.i.e.AbstractTransferListenerAdapter - Downloaded http://maven.springframework.org/milestone/org/hibernate/hibernate-core/4.2.0.Final/hibernate-core-4.2.0.Final.jar
2018-01-24 18:42:23,922 [Worker-56] INFO  o.e.m.c.i.e.AbstractTransferListenerAdapter - Downloaded http://maven.springframework.org/milestone/antlr/antlr/2.7.7/antlr-2.7.7.jar
2018-01-24 18:42:24,054 [Worker-56] INFO  o.e.m.c.i.e.AbstractTransferListenerAdapter - Downloaded http://maven.springframework.org/milestone/org/jboss/logging/jboss-logging/3.1.0.GA/jboss-logging-3.1.0.GA.jar
2018-01-24 18:42:24,123 [Worker-56] INFO  o.e.m.c.i.e.AbstractTransferListenerAdapter - Downloaded http://maven.springframework.org/milestone/org/jboss/spec/javax/transaction/jboss-transaction-api_1.1_spec/1.0.0.Final/jboss-transaction-api_1.1_spec-1.0.0.Final.jar
2018-01-24 18:42:24,173 [Worker-56] INFO  o.e.m.c.i.e.AbstractTransferListenerAdapter - Downloaded http://maven.springframework.org/milestone/dom4j/dom4j/1.6.1/dom4j-1.6.1.jar
2018-01-24 18:42:24,238 [Worker-56] INFO  o.e.m.c.i.e.AbstractTransferListenerAdapter - Downloaded http://maven.springframework.org/milestone/org/hibernate/javax/persistence/hibernate-jpa-2.0-api/1.0.1.Final/hibernate-jpa-2.0-api-1.0.1.Final.jar
2018-01-24 18:42:24,293 [Worker-56] INFO  o.e.m.c.i.e.AbstractTransferListenerAdapter - Downloaded http://maven.springframework.org/milestone/org/javassist/javassist/3.15.0-GA/javassist-3.15.0-GA.jar
2018-01-24 18:42:24,373 [Worker-56] INFO  o.e.m.c.i.e.AbstractTransferListenerAdapter - Downloaded http://maven.springframework.org/milestone/org/hibernate/common/hibernate-commons-annotations/4.0.1.Final/hibernate-commons-annotations-4.0.1.Final.jar
2018-01-24 18:42:24,431 [Worker-56] INFO  o.e.m.c.i.e.AbstractTransferListenerAdapter - Downloaded http://maven.springframework.org/milestone/org/hibernate/hibernate-entitymanager/4.2.0.Final/hibernate-entitymanager-4.2.0.Final.jar
2018-01-24 18:42:24,505 [Worker-56] INFO  o.e.m.c.i.e.AbstractTransferListenerAdapter - Downloaded http://maven.springframework.org/milestone/mysql/mysql-connector-java/5.1.21/mysql-connector-java-5.1.21.jar
2018-01-24 18:42:24,593 [Worker-56] INFO  o.e.m.c.i.e.AbstractTransferListenerAdapter - Downloaded http://maven.springframework.org/milestone/commons-dbcp/commons-dbcp/1.4/commons-dbcp-1.4.jar
2018-01-24 18:42:24,672 [Worker-56] INFO  o.e.m.c.i.e.AbstractTransferListenerAdapter - Downloaded http://maven.springframework.org/milestone/commons-pool/commons-pool/1.5.4/commons-pool-1.5.4.jar
2018-01-24 18:42:24,742 [Worker-56] INFO  o.e.m.c.i.e.AbstractTransferListenerAdapter - Downloaded http://maven.springframework.org/milestone/javassist/javassist/3.12.1.GA/javassist-3.12.1.GA.jar
2018-01-24 18:42:25,101 [Worker-56] INFO  o.e.m.c.i.e.AbstractTransferListenerAdapter - Downloading http://maven.springframework.org/milestone/org/springframework/spring-core/3.2.2.RELEASE/spring-core-3.2.2.RELEASE.jar
2018-01-24 18:42:28,646 [Worker-56] INFO  o.e.m.c.i.e.AbstractTransferListenerAdapter - Downloaded http://maven.springframework.org/milestone/org/springframework/spring-core/3.2.2.RELEASE/spring-core-3.2.2.RELEASE.jar
2018-01-24 18:42:28,686 [Worker-56] INFO  o.e.m.c.i.e.AbstractTransferListenerAdapter - Downloaded http://maven.springframework.org/milestone/commons-logging/commons-logging/1.1.1/commons-logging-1.1.1.jar
2018-01-24 18:42:29,069 [Worker-56] INFO  o.e.m.c.i.e.AbstractTransferListenerAdapter - Downloading http://maven.springframework.org/milestone/org/springframework/spring-web/3.2.2.RELEASE/spring-web-3.2.2.RELEASE.jar
2018-01-24 18:42:32,502 [Worker-56] INFO  o.e.m.c.i.e.AbstractTransferListenerAdapter - Downloaded http://maven.springframework.org/milestone/org/springframework/spring-web/3.2.2.RELEASE/spring-web-3.2.2.RELEASE.jar
2018-01-24 18:42:32,552 [Worker-56] INFO  o.e.m.c.i.e.AbstractTransferListenerAdapter - Downloaded http://maven.springframework.org/milestone/aopalliance/aopalliance/1.0/aopalliance-1.0.jar
2018-01-24 18:42:32,922 [Worker-56] INFO  o.e.m.c.i.e.AbstractTransferListenerAdapter - Downloading http://maven.springframework.org/milestone/org/springframework/spring-aop/3.2.2.RELEASE/spring-aop-3.2.2.RELEASE.jar
2018-01-24 18:42:35,428 [Worker-56] INFO  o.e.m.c.i.e.AbstractTransferListenerAdapter - Downloaded http://maven.springframework.org/milestone/org/springframework/spring-aop/3.2.2.RELEASE/spring-aop-3.2.2.RELEASE.jar
2018-01-24 18:42:35,640 [Worker-56] INFO  o.e.m.c.i.e.AbstractTransferListenerAdapter - Downloading http://maven.springframework.org/milestone/org/springframework/spring-beans/3.2.2.RELEASE/spring-beans-3.2.2.RELEASE.jar
2018-01-24 18:42:37,646 [Worker-56] INFO  o.e.m.c.i.e.AbstractTransferListenerAdapter - Downloaded http://maven.springframework.org/milestone/org/springframework/spring-beans/3.2.2.RELEASE/spring-beans-3.2.2.RELEASE.jar
2018-01-24 18:42:38,051 [Worker-56] INFO  o.e.m.c.i.e.AbstractTransferListenerAdapter - Downloading http://maven.springframework.org/milestone/org/springframework/spring-context/3.2.2.RELEASE/spring-context-3.2.2.RELEASE.jar
2018-01-24 18:42:39,618 [Worker-56] INFO  o.e.m.c.i.e.AbstractTransferListenerAdapter - Downloaded http://maven.springframework.org/milestone/org/springframework/spring-context/3.2.2.RELEASE/spring-context-3.2.2.RELEASE.jar
2018-01-24 18:42:40,035 [Worker-56] INFO  o.e.m.c.i.e.AbstractTransferListenerAdapter - Downloading http://maven.springframework.org/milestone/org/springframework/spring-webmvc/3.2.2.RELEASE/spring-webmvc-3.2.2.RELEASE.jar
2018-01-24 18:42:41,492 [Worker-56] INFO  o.e.m.c.i.e.AbstractTransferListenerAdapter - Downloaded http://maven.springframework.org/milestone/org/springframework/spring-webmvc/3.2.2.RELEASE/spring-webmvc-3.2.2.RELEASE.jar
2018-01-24 18:42:42,052 [Worker-56] INFO  o.e.m.c.i.e.AbstractTransferListenerAdapter - Downloading http://maven.springframework.org/milestone/org/springframework/spring-expression/3.2.2.RELEASE/spring-expression-3.2.2.RELEASE.jar
2018-01-24 18:42:43,277 [Worker-56] INFO  o.e.m.c.i.e.AbstractTransferListenerAdapter - Downloaded http://maven.springframework.org/milestone/org/springframework/spring-expression/3.2.2.RELEASE/spring-expression-3.2.2.RELEASE.jar
2018-01-24 18:42:43,691 [Worker-56] INFO  o.e.m.c.i.e.AbstractTransferListenerAdapter - Downloading http://maven.springframework.org/milestone/org/springframework/spring-tx/3.2.2.RELEASE/spring-tx-3.2.2.RELEASE.jar
2018-01-24 18:42:45,032 [Worker-56] INFO  o.e.m.c.i.e.AbstractTransferListenerAdapter - Downloaded http://maven.springframework.org/milestone/org/springframework/spring-tx/3.2.2.RELEASE/spring-tx-3.2.2.RELEASE.jar
2018-01-24 18:42:45,180 [Worker-56] INFO  o.e.m.c.i.e.AbstractTransferListenerAdapter - Downloading http://maven.springframework.org/milestone/org/springframework/spring-jdbc/3.2.2.RELEASE/spring-jdbc-3.2.2.RELEASE.jar
2018-01-24 18:42:46,936 [Worker-56] INFO  o.e.m.c.i.e.AbstractTransferListenerAdapter - Downloaded http://maven.springframework.org/milestone/org/springframework/spring-jdbc/3.2.2.RELEASE/spring-jdbc-3.2.2.RELEASE.jar
2018-01-24 18:42:47,654 [Worker-56] INFO  o.e.m.c.i.e.AbstractTransferListenerAdapter - Downloading http://maven.springframework.org/milestone/org/springframework/spring-orm/3.2.2.RELEASE/spring-orm-3.2.2.RELEASE.jar
2018-01-24 18:42:50,783 [Worker-56] INFO  o.e.m.c.i.e.AbstractTransferListenerAdapter - Downloaded http://maven.springframework.org/milestone/org/springframework/spring-orm/3.2.2.RELEASE/spring-orm-3.2.2.RELEASE.jar
2018-01-24 18:42:50,999 [Worker-56] INFO  o.e.m.c.i.e.AbstractTransferListenerAdapter - Downloading http://maven.springframework.org/milestone/org/springframework/security/spring-security-core/3.1.3.RELEASE/spring-security-core-3.1.3.RELEASE.jar
2018-01-24 18:42:53,915 [Worker-56] INFO  o.e.m.c.i.e.AbstractTransferListenerAdapter - Downloaded http://maven.springframework.org/milestone/org/springframework/security/spring-security-core/3.1.3.RELEASE/spring-security-core-3.1.3.RELEASE.jar
2018-01-24 18:42:54,135 [Worker-56] INFO  o.e.m.c.i.e.AbstractTransferListenerAdapter - Downloading http://maven.springframework.org/milestone/org/springframework/security/spring-security-web/3.1.3.RELEASE/spring-security-web-3.1.3.RELEASE.jar
2018-01-24 18:42:55,685 [Worker-56] INFO  o.e.m.c.i.e.AbstractTransferListenerAdapter - Downloaded http://maven.springframework.org/milestone/org/springframework/security/spring-security-web/3.1.3.RELEASE/spring-security-web-3.1.3.RELEASE.jar
2018-01-24 18:42:55,817 [Worker-56] INFO  o.e.m.c.i.e.AbstractTransferListenerAdapter - Downloading http://maven.springframework.org/milestone/org/springframework/security/spring-security-config/3.1.3.RELEASE/spring-security-config-3.1.3.RELEASE.jar
2018-01-24 18:42:58,526 [Worker-56] INFO  o.e.m.c.i.e.AbstractTransferListenerAdapter - Downloaded http://maven.springframework.org/milestone/org/springframework/security/spring-security-config/3.1.3.RELEASE/spring-security-config-3.1.3.RELEASE.jar
2018-01-24 18:42:58,941 [Worker-56] INFO  o.e.m.c.i.e.AbstractTransferListenerAdapter - Downloading http://maven.springframework.org/milestone/org/springframework/security/spring-security-taglibs/3.1.3.RELEASE/spring-security-taglibs-3.1.3.RELEASE.jar
2018-01-24 18:43:02,035 [Worker-56] INFO  o.e.m.c.i.e.AbstractTransferListenerAdapter - Downloaded http://maven.springframework.org/milestone/org/springframework/security/spring-security-taglibs/3.1.3.RELEASE/spring-security-taglibs-3.1.3.RELEASE.jar
2018-01-24 18:43:02,191 [Worker-56] INFO  o.e.m.c.i.e.AbstractTransferListenerAdapter - Downloading http://maven.springframework.org/milestone/org/springframework/security/spring-security-acl/3.1.3.RELEASE/spring-security-acl-3.1.3.RELEASE.jar
2018-01-24 18:43:05,401 [Worker-56] INFO  o.e.m.c.i.e.AbstractTransferListenerAdapter - Downloaded http://maven.springframework.org/milestone/org/springframework/security/spring-security-acl/3.1.3.RELEASE/spring-security-acl-3.1.3.RELEASE.jar
2018-01-24 18:43:05,468 [Worker-56] INFO  o.e.m.c.i.e.AbstractTransferListenerAdapter - Downloaded http://maven.springframework.org/milestone/cglib/cglib/2.2.2/cglib-2.2.2.jar
2018-01-24 18:43:05,542 [Worker-56] INFO  o.e.m.c.i.e.AbstractTransferListenerAdapter - Downloaded http://maven.springframework.org/milestone/asm/asm/3.3.1/asm-3.3.1.jar
2018-01-24 18:43:05,602 [Worker-56] INFO  o.e.m.c.i.e.AbstractTransferListenerAdapter - Downloaded http://maven.springframework.org/milestone/jstl/jstl/1.2/jstl-1.2.jar
2018-01-24 18:43:05,681 [Worker-56] INFO  o.e.m.c.i.e.AbstractTransferListenerAdapter - Downloaded http://maven.springframework.org/milestone/junit/junit/4.7/junit-4.7.jar
2018-01-24 18:43:06,046 [Worker-56] INFO  o.e.m.c.i.e.AbstractTransferListenerAdapter - Downloading http://maven.springframework.org/milestone/org/springframework/spring-test/3.2.2.RELEASE/spring-test-3.2.2.RELEASE.jar
2018-01-24 18:43:08,477 [Worker-56] INFO  o.e.m.c.i.e.AbstractTransferListenerAdapter - Downloaded http://maven.springframework.org/milestone/org/springframework/spring-test/3.2.2.RELEASE/spring-test-3.2.2.RELEASE.jar
2018-01-24 18:43:08,537 [Worker-56] INFO  o.e.m.c.i.e.AbstractTransferListenerAdapter - Downloading http://maven.springframework.org/milestone/org/springframework/spring-test-mvc/1.0.0.M1/spring-test-mvc-1.0.0.M1.jar
2018-01-24 18:43:10,312 [Worker-56] INFO  o.e.m.c.i.e.AbstractTransferListenerAdapter - Downloaded http://maven.springframework.org/milestone/org/springframework/spring-test-mvc/1.0.0.M1/spring-test-mvc-1.0.0.M1.jar
2018-01-24 18:43:10,374 [Worker-56] INFO  o.e.m.c.i.e.AbstractTransferListenerAdapter - Downloaded http://maven.springframework.org/milestone/org/hamcrest/hamcrest-library/1.2.1/hamcrest-library-1.2.1.jar
2018-01-24 18:43:10,435 [Worker-56] INFO  o.e.m.c.i.e.AbstractTransferListenerAdapter - Downloaded http://maven.springframework.org/milestone/org/hamcrest/hamcrest-core/1.2.1/hamcrest-core-1.2.1.jar
2018-01-24 18:43:12,608 [Worker-56] INFO  o.e.m.c.i.e.AbstractTransferListenerAdapter - Downloading https://repo.maven.apache.org/maven2/org/hibernate/hibernate-core/4.2.0.Final/hibernate-core-4.2.0.Final.jar
2018-01-24 18:43:14,070 [Worker-56] INFO  o.e.m.c.i.e.AbstractTransferListenerAdapter - Downloaded https://repo.maven.apache.org/maven2/org/hibernate/hibernate-core/4.2.0.Final/hibernate-core-4.2.0.Final.jar
2018-01-24 18:43:14,082 [Worker-56] INFO  o.e.m.c.i.e.AbstractTransferListenerAdapter - Downloading https://repo.maven.apache.org/maven2/antlr/antlr/2.7.7/antlr-2.7.7.jar
2018-01-24 18:43:14,356 [Worker-56] INFO  o.e.m.c.i.e.AbstractTransferListenerAdapter - Downloaded https://repo.maven.apache.org/maven2/antlr/antlr/2.7.7/antlr-2.7.7.jar
2018-01-24 18:43:14,370 [Worker-56] INFO  o.e.m.c.i.e.AbstractTransferListenerAdapter - Downloading https://repo.maven.apache.org/maven2/org/jboss/logging/jboss-logging/3.1.0.GA/jboss-logging-3.1.0.GA.jar
2018-01-24 18:43:14,422 [Worker-56] INFO  o.e.m.c.i.e.AbstractTransferListenerAdapter - Downloaded https://repo.maven.apache.org/maven2/org/jboss/logging/jboss-logging/3.1.0.GA/jboss-logging-3.1.0.GA.jar
2018-01-24 18:43:14,432 [Worker-56] INFO  o.e.m.c.i.e.AbstractTransferListenerAdapter - Downloading https://repo.maven.apache.org/maven2/org/jboss/spec/javax/transaction/jboss-transaction-api_1.1_spec/1.0.0.Final/jboss-transaction-api_1.1_spec-1.0.0.Final.jar
2018-01-24 18:43:14,618 [Worker-56] INFO  o.e.m.c.i.e.AbstractTransferListenerAdapter - Downloaded https://repo.maven.apache.org/maven2/org/jboss/spec/javax/transaction/jboss-transaction-api_1.1_spec/1.0.0.Final/jboss-transaction-api_1.1_spec-1.0.0.Final.jar
2018-01-24 18:43:14,636 [Worker-56] INFO  o.e.m.c.i.e.AbstractTransferListenerAdapter - Downloading https://repo.maven.apache.org/maven2/dom4j/dom4j/1.6.1/dom4j-1.6.1.jar
2018-01-24 18:43:14,727 [Worker-56] INFO  o.e.m.c.i.e.AbstractTransferListenerAdapter - Downloaded https://repo.maven.apache.org/maven2/dom4j/dom4j/1.6.1/dom4j-1.6.1.jar
2018-01-24 18:43:14,742 [Worker-56] INFO  o.e.m.c.i.e.AbstractTransferListenerAdapter - Downloading https://repo.maven.apache.org/maven2/org/hibernate/javax/persistence/hibernate-jpa-2.0-api/1.0.1.Final/hibernate-jpa-2.0-api-1.0.1.Final.jar
2018-01-24 18:43:14,779 [Worker-56] INFO  o.e.m.c.i.e.AbstractTransferListenerAdapter - Downloaded https://repo.maven.apache.org/maven2/org/hibernate/javax/persistence/hibernate-jpa-2.0-api/1.0.1.Final/hibernate-jpa-2.0-api-1.0.1.Final.jar
2018-01-24 18:43:14,786 [Worker-56] INFO  o.e.m.c.i.e.AbstractTransferListenerAdapter - Downloading https://repo.maven.apache.org/maven2/org/javassist/javassist/3.15.0-GA/javassist-3.15.0-GA.jar
2018-01-24 18:43:14,951 [Worker-56] INFO  o.e.m.c.i.e.AbstractTransferListenerAdapter - Downloaded https://repo.maven.apache.org/maven2/org/javassist/javassist/3.15.0-GA/javassist-3.15.0-GA.jar
2018-01-24 18:43:14,960 [Worker-56] INFO  o.e.m.c.i.e.AbstractTransferListenerAdapter - Downloading https://repo.maven.apache.org/maven2/org/hibernate/common/hibernate-commons-annotations/4.0.1.Final/hibernate-commons-annotations-4.0.1.Final.jar
2018-01-24 18:43:15,008 [Worker-56] INFO  o.e.m.c.i.e.AbstractTransferListenerAdapter - Downloaded https://repo.maven.apache.org/maven2/org/hibernate/common/hibernate-commons-annotations/4.0.1.Final/hibernate-commons-annotations-4.0.1.Final.jar
2018-01-24 18:43:15,035 [Worker-56] INFO  o.e.m.c.i.e.AbstractTransferListenerAdapter - Downloading https://repo.maven.apache.org/maven2/org/hibernate/hibernate-entitymanager/4.2.0.Final/hibernate-entitymanager-4.2.0.Final.jar
2018-01-24 18:43:15,190 [Worker-56] INFO  o.e.m.c.i.e.AbstractTransferListenerAdapter - Downloaded https://repo.maven.apache.org/maven2/org/hibernate/hibernate-entitymanager/4.2.0.Final/hibernate-entitymanager-4.2.0.Final.jar
2018-01-24 18:43:15,204 [Worker-56] INFO  o.e.m.c.i.e.AbstractTransferListenerAdapter - Downloading https://repo.maven.apache.org/maven2/mysql/mysql-connector-java/5.1.21/mysql-connector-java-5.1.21.jar
2018-01-24 18:43:15,438 [Worker-56] INFO  o.e.m.c.i.e.AbstractTransferListenerAdapter - Downloaded https://repo.maven.apache.org/maven2/mysql/mysql-connector-java/5.1.21/mysql-connector-java-5.1.21.jar
2018-01-24 18:43:15,446 [Worker-56] INFO  o.e.m.c.i.e.AbstractTransferListenerAdapter - Downloading https://repo.maven.apache.org/maven2/commons-dbcp/commons-dbcp/1.4/commons-dbcp-1.4.jar
2018-01-24 18:43:15,499 [Worker-56] INFO  o.e.m.c.i.e.AbstractTransferListenerAdapter - Downloaded https://repo.maven.apache.org/maven2/commons-dbcp/commons-dbcp/1.4/commons-dbcp-1.4.jar
2018-01-24 18:43:15,505 [Worker-56] INFO  o.e.m.c.i.e.AbstractTransferListenerAdapter - Downloading https://repo.maven.apache.org/maven2/commons-pool/commons-pool/1.5.4/commons-pool-1.5.4.jar
2018-01-24 18:43:15,551 [Worker-56] INFO  o.e.m.c.i.e.AbstractTransferListenerAdapter - Downloaded https://repo.maven.apache.org/maven2/commons-pool/commons-pool/1.5.4/commons-pool-1.5.4.jar
2018-01-24 18:43:15,562 [Worker-56] INFO  o.e.m.c.i.e.AbstractTransferListenerAdapter - Downloading https://repo.maven.apache.org/maven2/javassist/javassist/3.12.1.GA/javassist-3.12.1.GA.jar
2018-01-24 18:43:15,778 [Worker-56] INFO  o.e.m.c.i.e.AbstractTransferListenerAdapter - Downloaded https://repo.maven.apache.org/maven2/javassist/javassist/3.12.1.GA/javassist-3.12.1.GA.jar
2018-01-24 18:43:15,790 [Worker-56] INFO  o.e.m.c.i.e.AbstractTransferListenerAdapter - Downloading https://repo.maven.apache.org/maven2/commons-logging/commons-logging/1.1.1/commons-logging-1.1.1.jar
2018-01-24 18:43:15,837 [Worker-56] INFO  o.e.m.c.i.e.AbstractTransferListenerAdapter - Downloaded https://repo.maven.apache.org/maven2/commons-logging/commons-logging/1.1.1/commons-logging-1.1.1.jar
2018-01-24 18:43:15,846 [Worker-56] INFO  o.e.m.c.i.e.AbstractTransferListenerAdapter - Downloading https://repo.maven.apache.org/maven2/aopalliance/aopalliance/1.0/aopalliance-1.0.jar
2018-01-24 18:43:15,879 [Worker-56] INFO  o.e.m.c.i.e.AbstractTransferListenerAdapter - Downloaded https://repo.maven.apache.org/maven2/aopalliance/aopalliance/1.0/aopalliance-1.0.jar
2018-01-24 18:43:15,893 [Worker-56] INFO  o.e.m.c.i.e.AbstractTransferListenerAdapter - Downloading https://repo.maven.apache.org/maven2/cglib/cglib/2.2.2/cglib-2.2.2.jar
2018-01-24 18:43:16,005 [Worker-56] INFO  o.e.m.c.i.e.AbstractTransferListenerAdapter - Downloaded https://repo.maven.apache.org/maven2/cglib/cglib/2.2.2/cglib-2.2.2.jar
2018-01-24 18:43:16,019 [Worker-56] INFO  o.e.m.c.i.e.AbstractTransferListenerAdapter - Downloading https://repo.maven.apache.org/maven2/asm/asm/3.3.1/asm-3.3.1.jar
2018-01-24 18:43:16,062 [Worker-56] INFO  o.e.m.c.i.e.AbstractTransferListenerAdapter - Downloaded https://repo.maven.apache.org/maven2/asm/asm/3.3.1/asm-3.3.1.jar
2018-01-24 18:43:16,069 [Worker-56] INFO  o.e.m.c.i.e.AbstractTransferListenerAdapter - Downloading https://repo.maven.apache.org/maven2/jstl/jstl/1.2/jstl-1.2.jar
2018-01-24 18:43:16,187 [Worker-56] INFO  o.e.m.c.i.e.AbstractTransferListenerAdapter - Downloaded https://repo.maven.apache.org/maven2/jstl/jstl/1.2/jstl-1.2.jar
2018-01-24 18:43:16,189 [Worker-56] INFO  o.e.m.c.i.e.AbstractTransferListenerAdapter - Downloading https://repo.maven.apache.org/maven2/junit/junit/4.7/junit-4.7.jar
2018-01-24 18:43:16,278 [Worker-56] INFO  o.e.m.c.i.e.AbstractTransferListenerAdapter - Downloaded https://repo.maven.apache.org/maven2/junit/junit/4.7/junit-4.7.jar
2018-01-24 18:43:16,294 [Worker-56] INFO  o.e.m.c.i.e.AbstractTransferListenerAdapter - Downloading https://repo.maven.apache.org/maven2/org/hamcrest/hamcrest-library/1.2.1/hamcrest-library-1.2.1.jar
2018-01-24 18:43:16,345 [Worker-56] INFO  o.e.m.c.i.e.AbstractTransferListenerAdapter - Downloaded https://repo.maven.apache.org/maven2/org/hamcrest/hamcrest-library/1.2.1/hamcrest-library-1.2.1.jar
2018-01-24 18:43:16,373 [Worker-56] INFO  o.e.m.c.i.e.AbstractTransferListenerAdapter - Downloading https://repo.maven.apache.org/maven2/org/hamcrest/hamcrest-core/1.2.1/hamcrest-core-1.2.1.jar
2018-01-24 18:43:16,661 [Worker-56] INFO  o.e.m.c.i.e.AbstractTransferListenerAdapter - Downloaded https://repo.maven.apache.org/maven2/org/hamcrest/hamcrest-core/1.2.1/hamcrest-core-1.2.1.jar
2018-01-24 18:43:20,790 [Worker-56] WARN  o.e.m.c.i.embedder.EclipseLogger - Using platform encoding (Cp1252 actually) to copy filtered resources, i.e. build is platform dependent!
2018-01-24 18:43:20,796 [Worker-56] INFO  o.e.m.c.i.embedder.EclipseLogger - skip non existing resourceDirectory A:\SpringExercises\exercise1\src\main\resources
2018-01-24 18:43:20,797 [Worker-56] WARN  o.e.m.c.i.embedder.EclipseLogger - Using platform encoding (Cp1252 actually) to copy filtered resources, i.e. build is platform dependent!
2018-01-24 18:43:20,805 [Worker-56] INFO  o.e.m.c.i.embedder.EclipseLogger - skip non existing resourceDirectory A:\SpringExercises\exercise1\src\test\resources
2018-01-24 18:43:20,809 [Worker-56] INFO  o.e.m.w.i.f.ResourceFilteringBuildParticipant - Changed resources require a complete clean of filtered resources of exercise1
2018-01-24 18:43:20,809 [Worker-56] INFO  o.e.m.w.i.f.ResourceFilteringBuildParticipant - Executing resource filtering for exercise1
2018-01-24 18:43:20,812 [Worker-56] WARN  o.e.m.c.i.embedder.EclipseLogger - The POM for org.apache.maven.plugins:maven-clean-plugin:jar:2.5 is missing, no dependency information available
2018-01-24 18:43:20,825 [Worker-56] WARN  o.e.m.c.i.embedder.EclipseLogger - Using platform encoding (Cp1252 actually) to copy filtered resources, i.e. build is platform dependent!
2018-01-24 18:43:21,287 [Worker-56] WARN  o.e.m.c.i.embedder.EclipseLogger - Using platform encoding (Cp1252 actually) to copy filtered resources, i.e. build is platform dependent!
2018-01-24 18:43:21,296 [Worker-56] INFO  o.e.m.c.i.embedder.EclipseLogger - skip non existing resourceDirectory A:\SpringExercises\exercise1\src\main\resources
2018-01-24 18:43:21,296 [Worker-56] WARN  o.e.m.c.i.embedder.EclipseLogger - Using platform encoding (Cp1252 actually) to copy filtered resources, i.e. build is platform dependent!
2018-01-24 18:43:21,303 [Worker-56] INFO  o.e.m.c.i.embedder.EclipseLogger - skip non existing resourceDirectory A:\SpringExercises\exercise1\src\test\resources
2018-01-24 18:43:49,279 [Worker-58] INFO  o.e.m.c.i.e.AbstractTransferListenerAdapter - Downloading http://maven.springframework.org/milestone/org/springframework/spring-context/3.2.2.RELEASE/spring-context-3.2.2.RELEASE-sources.jar
2018-01-24 18:43:51,182 [Worker-58] INFO  o.e.m.c.i.e.AbstractTransferListenerAdapter - Downloaded http://maven.springframework.org/milestone/org/springframework/spring-context/3.2.2.RELEASE/spring-context-3.2.2.RELEASE-sources.jar
2018-01-24 18:43:51,351 [Worker-58] INFO  o.e.m.j.internal.DownloadSourcesJob - Downloaded sources for org.springframework:spring-context:3.2.2.RELEASE
2018-01-24 18:43:51,681 [Worker-56] WARN  o.e.m.c.i.embedder.EclipseLogger - Using platform encoding (Cp1252 actually) to copy filtered resources, i.e. build is platform dependent!
2018-01-24 18:43:51,689 [Worker-56] INFO  o.e.m.c.i.embedder.EclipseLogger - skip non existing resourceDirectory A:\SpringExercises\exercise1\src\main\resources
2018-01-24 18:43:51,690 [Worker-56] WARN  o.e.m.c.i.embedder.EclipseLogger - Using platform encoding (Cp1252 actually) to copy filtered resources, i.e. build is platform dependent!
2018-01-24 18:43:51,696 [Worker-56] INFO  o.e.m.c.i.embedder.EclipseLogger - skip non existing resourceDirectory A:\SpringExercises\exercise1\src\test\resources
2018-01-24 18:46:51,455 [Worker-60] WARN  o.e.m.c.i.embedder.EclipseLogger - Using platform encoding (Cp1252 actually) to copy filtered resources, i.e. build is platform dependent!
2018-01-24 18:46:51,455 [Worker-60] INFO  o.e.m.c.i.embedder.EclipseLogger - skip non existing resourceDirectory A:\SpringExercises\exercise1\src\main\resources
2018-01-24 18:46:51,455 [Worker-60] WARN  o.e.m.c.i.embedder.EclipseLogger - Using platform encoding (Cp1252 actually) to copy filtered resources, i.e. build is platform dependent!
2018-01-24 18:46:51,469 [Worker-60] INFO  o.e.m.c.i.embedder.EclipseLogger - skip non existing resourceDirectory A:\SpringExercises\exercise1\src\test\resources
2018-01-24 18:50:00,519 [Worker-65] WARN  o.e.m.c.i.embedder.EclipseLogger - Using platform encoding (Cp1252 actually) to copy filtered resources, i.e. build is platform dependent!
2018-01-24 18:50:00,530 [Worker-65] INFO  o.e.m.c.i.embedder.EclipseLogger - skip non existing resourceDirectory A:\SpringExercises\exercise1\src\main\resources
2018-01-24 18:50:00,531 [Worker-65] WARN  o.e.m.c.i.embedder.EclipseLogger - Using platform encoding (Cp1252 actually) to copy filtered resources, i.e. build is platform dependent!
2018-01-24 18:50:00,533 [Worker-65] INFO  o.e.m.c.i.embedder.EclipseLogger - skip non existing resourceDirectory A:\SpringExercises\exercise1\src\test\resources
